To honour the JVM settings for this build a single-use Daemon process will be forked. For more on this, please refer to https://docs.gradle.org/8.8/userguide/gradle_daemon.html#sec:disabling_the_daemon in the Gradle documentation.
Daemon will be stopped at the end of the build 

> Configure project :fabric
Fabric Loom: 1.5.8

> Task :common:compileJava UP-TO-DATE
> Task :forge:compileJava UP-TO-DATE
> Task :forge:processResources UP-TO-DATE
> Task :forge:classes UP-TO-DATE
> Task :forge:jar
> Task :forge:downloadMcpConfig
> Task :forge:extractSrg UP-TO-DATE
> Task :forge:createMcpToSrg UP-TO-DATE
> Task :forge:reobfJar
> Task :forge:jarJar SKIPPED
> Task :forge:reobfJarJar SKIPPED
> Task :forge:assemble
> Task :forge:compileTestJava NO-SOURCE
> Task :forge:processTestResources NO-SOURCE
> Task :forge:testClasses UP-TO-DATE
> Task :forge:test NO-SOURCE
> Task :forge:check UP-TO-DATE
> Task :forge:build

Deprecated Gradle features were used in this build, making it incompatible with Gradle 9.0.

You can use '--warning-mode all' to show the individual deprecation warnings and determine if they come from your own scripts or plugins.

For more on this, please refer to https://docs.gradle.org/8.8/userguide/command_line_interface.html#sec:command_line_warnings in the Gradle documentation.

BUILD SUCCESSFUL in 6s
8 actionable tasks: 3 executed, 5 up-to-date
