[14:26:08] [main/INFO] (FabricLoader/GameProvider) Loading Minecraft 1.20.1 with Fabric Loader 0.15.6
[14:26:08] [ForkJoinPool-1-worker-1/WARN] (FabricLoader/Metadata) Mod businesscraft uses the version ${version} which isn't compatible with Loader's extended semantic version format (Could not parse version number component '${version}'!), SemVer is recommended for reliably evaluating dependencies and prioritizing newer version
[14:26:08] [main/INFO] (FabricLoader) Loading 58 mods:
	- businesscraft ${version}
	- fabric-api 0.91.0+1.20.1
	- fabric-api-base 0.4.30+7abfd51577
	- fabric-api-lookup-api-v1 1.6.35+4d8536c977
	- fabric-biome-api-v1 13.0.12+215bbe9677
	- fabric-block-api-v1 1.0.10+92a0d36777
	- fabric-block-view-api-v2 1.0.0+92a0d36777
	- fabric-blockrenderlayer-v1 1.1.40+b3afc78b77
	- fabric-client-tags-api-v1 1.1.1+97bb207577
	- fabric-command-api-v1 1.2.33+f71b366f77
	- fabric-command-api-v2 2.2.12+b3afc78b77
	- fabric-commands-v0 0.2.50+df3654b377
	- fabric-containers-v0 0.1.63+df3654b377
	- fabric-content-registries-v0 4.0.10+57aed33f77
	- fabric-convention-tags-v1 1.5.4+a1a980da77
	- fabric-crash-report-info-v1 0.2.18+aeb40ebe77
	- fabric-data-generation-api-v1 12.3.3+d7b148e077
	- fabric-dimensions-v1 2.1.53+8536527b77
	- fabric-entity-events-v1 1.5.22+b3afc78b77
	- fabric-events-interaction-v0 0.6.1+e91849a877
	- fabric-events-lifecycle-v0 0.2.62+df3654b377
	- fabric-game-rule-api-v1 1.0.39+ae9f657a77
	- fabric-gametest-api-v1 1.2.12+b3afc78b77
	- fabric-item-api-v1 2.1.27+b3afc78b77
	- fabric-item-group-api-v1 4.0.11+d7b148e077
	- fabric-key-binding-api-v1 1.0.36+fb8d95da77
	- fabric-keybindings-v0 0.2.34+df3654b377
	- fabric-lifecycle-events-v1 2.2.21+b3afc78b77
	- fabric-loot-api-v2 1.2.0+96dfa95977
	- fabric-loot-tables-v1 1.1.44+9e7660c677
	- fabric-message-api-v1 5.1.8+d7b148e077
	- fabric-mining-level-api-v1 2.1.49+b3afc78b77
	- fabric-model-loading-api-v1 1.0.2+709a987177
	- fabric-models-v0 0.4.1+9386d8a777
	- fabric-networking-api-v1 1.3.10+eeb8eb3677
	- fabric-networking-v0 0.3.50+df3654b377
	- fabric-object-builder-api-v1 11.1.2+4ee0bc6077
	- fabric-particles-v1 1.1.1+201a23a077
	- fabric-recipe-api-v1 1.0.20+b3afc78b77
	- fabric-registry-sync-v0 2.3.2+4df89eb277
	- fabric-renderer-api-v1 3.2.0+39a511ba77
	- fabric-renderer-indigo 1.5.0+39a511ba77
	- fabric-renderer-registries-v1 3.2.45+df3654b377
	- fabric-rendering-data-attachment-v1 0.3.36+92a0d36777
	- fabric-rendering-fluids-v1 3.0.27+b3afc78b77
	- fabric-rendering-v0 1.1.48+df3654b377
	- fabric-rendering-v1 3.0.7+b3afc78b77
	- fabric-resource-conditions-api-v1 2.3.7+29de845d77
	- fabric-resource-loader-v0 0.11.9+132c48c177
	- fabric-screen-api-v1 2.0.7+b3afc78b77
	- fabric-screen-handler-api-v1 1.3.29+b3afc78b77
	- fabric-sound-api-v1 1.0.12+b3afc78b77
	- fabric-transfer-api-v1 3.3.3+c81d263177
	- fabric-transitive-access-wideners-v1 4.3.0+6c31357e77
	- fabricloader 0.15.6
	- java 17
	- minecraft 1.20.1
	- mixinextras 0.3.2
[14:26:08] [main/INFO] (FabricLoader/Mixin) SpongePowered MIXIN Subsystem Version=0.8.5 Source=file:/home/az/.gradle/caches/modules-2/files-2.1/net.fabricmc/sponge-mixin/0.12.5+mixin.0.8.5/8d31fb97c3e0cd7c8dad3441851c523bcfae6d8e/sponge-mixin-0.12.5+mixin.0.8.5.jar Service=Knot/Fabric Env=CLIENT
[14:26:09] [main/INFO] (FabricLoader/Mixin) Loaded Fabric development mappings for mixin remapper!
[14:26:09] [main/INFO] (FabricLoader/Mixin) Compatibility level set to JAVA_16
[14:26:09] [main/INFO] (FabricLoader/Mixin) Compatibility level set to JAVA_17
[14:26:09] [main/INFO] (FabricLoader/MixinExtras|Service) Initializing MixinExtras via com.llamalad7.mixinextras.service.MixinExtrasServiceImpl(version=0.3.2).
[14:26:11] [Datafixer Bootstrap/INFO] (Minecraft) 188 Datafixer optimizations took 69 milliseconds
[14:26:12] [Render thread/INFO] (Minecraft) Environment: authHost='https://authserver.mojang.com', accountsHost='https://api.mojang.com', sessionHost='https://sessionserver.mojang.com', servicesHost='https://api.minecraftservices.com', name='PROD'
[14:26:12] [Render thread/ERROR] (Minecraft) Failed to verify authentication
com.mojang.authlib.exceptions.InvalidCredentialsException: Status: 401
	at com.mojang.authlib.exceptions.MinecraftClientHttpException.toAuthenticationException(MinecraftClientHttpException.java:56) ~[authlib-4.0.43.jar:?]
	at com.mojang.authlib.yggdrasil.YggdrasilUserApiService.fetchProperties(YggdrasilUserApiService.java:156) ~[authlib-4.0.43.jar:?]
	at com.mojang.authlib.yggdrasil.YggdrasilUserApiService.<init>(YggdrasilUserApiService.java:55) ~[authlib-4.0.43.jar:?]
	at com.mojang.authlib.yggdrasil.YggdrasilAuthenticationService.createUserApiService(YggdrasilAuthenticationService.java:124) ~[authlib-4.0.43.jar:?]
	at net.minecraft.client.MinecraftClient.createUserApiService(MinecraftClient.java:733) ~[minecraft-merged-51c0cfe141-1.20.1-net.fabricmc.yarn.1_20_1.1.20.1+build.10-v2.jar:?]
	at net.minecraft.client.MinecraftClient.<init>(MinecraftClient.java:442) ~[minecraft-merged-51c0cfe141-1.20.1-net.fabricmc.yarn.1_20_1.1.20.1+build.10-v2.jar:?]
	at net.minecraft.client.main.Main.main(Main.java:211) ~[minecraft-merged-51c0cfe141-1.20.1-net.fabricmc.yarn.1_20_1.1.20.1+build.10-v2.jar:?]
	at net.fabricmc.loader.impl.game.minecraft.MinecraftGameProvider.launch(MinecraftGameProvider.java:470) ~[fabric-loader-0.15.6.jar:?]
	at net.fabricmc.loader.impl.launch.knot.Knot.launch(Knot.java:74) ~[fabric-loader-0.15.6.jar:?]
	at net.fabricmc.loader.impl.launch.knot.KnotClient.main(KnotClient.java:23) ~[fabric-loader-0.15.6.jar:?]
	at net.fabricmc.devlaunchinjector.Main.main(Main.java:86) ~[dev-launch-injector-0.2.1+build.8.jar:?]
Caused by: com.mojang.authlib.exceptions.MinecraftClientHttpException: Status: 401
	at com.mojang.authlib.minecraft.client.MinecraftClient.readInputStream(MinecraftClient.java:85) ~[authlib-4.0.43.jar:?]
	at com.mojang.authlib.minecraft.client.MinecraftClient.get(MinecraftClient.java:48) ~[authlib-4.0.43.jar:?]
	at com.mojang.authlib.yggdrasil.YggdrasilUserApiService.fetchProperties(YggdrasilUserApiService.java:129) ~[authlib-4.0.43.jar:?]
	... 9 more
[14:26:12] [Render thread/INFO] (Minecraft) Setting user: Player676
[14:26:12] [Render thread/ERROR] (FabricItemHandlerHelper) Error initializing FabricItemHandlerHelper reflection classes
java.lang.ClassNotFoundException: net.minecraftforge.items.ItemStackHandler
	at jdk.internal.loader.BuiltinClassLoader.loadClass(BuiltinClassLoader.java:641) ~[?:?]
	at java.lang.ClassLoader.loadClass(ClassLoader.java:525) ~[?:?]
	at net.fabricmc.loader.impl.launch.knot.KnotClassDelegate.loadClass(KnotClassDelegate.java:226) ~[fabric-loader-0.15.6.jar:?]
	at net.fabricmc.loader.impl.launch.knot.KnotClassLoader.loadClass(KnotClassLoader.java:119) ~[fabric-loader-0.15.6.jar:?]
	at java.lang.ClassLoader.loadClass(ClassLoader.java:525) ~[?:?]
	at com.quackers29.businesscraft.fabric.platform.FabricItemHandlerHelper.<clinit>(FabricItemHandlerHelper.java:28) ~[main/:?]
	at com.quackers29.businesscraft.fabric.BusinessCraftFabric.<clinit>(BusinessCraftFabric.java:44) ~[main/:?]
	at java.lang.Class.forName0(Native Method) ~[?:?]
	at java.lang.Class.forName(Class.java:467) ~[?:?]
	at net.fabricmc.loader.impl.util.DefaultLanguageAdapter.create(DefaultLanguageAdapter.java:50) ~[fabric-loader-0.15.6.jar:?]
	at net.fabricmc.loader.impl.entrypoint.EntrypointStorage$NewEntry.getOrCreate(EntrypointStorage.java:117) ~[fabric-loader-0.15.6.jar:?]
	at net.fabricmc.loader.impl.entrypoint.EntrypointContainerImpl.getEntrypoint(EntrypointContainerImpl.java:53) ~[fabric-loader-0.15.6.jar:?]
	at net.fabricmc.loader.impl.FabricLoaderImpl.invokeEntrypoints(FabricLoaderImpl.java:384) ~[fabric-loader-0.15.6.jar:?]
	at net.fabricmc.loader.impl.game.minecraft.Hooks.startClient(Hooks.java:52) ~[fabric-loader-0.15.6.jar:?]
	at net.minecraft.client.MinecraftClient.<init>(MinecraftClient.java:458) ~[minecraft-merged-51c0cfe141-1.20.1-net.fabricmc.yarn.1_20_1.1.20.1+build.10-v2.jar:?]
	at net.minecraft.client.main.Main.main(Main.java:211) ~[minecraft-merged-51c0cfe141-1.20.1-net.fabricmc.yarn.1_20_1.1.20.1+build.10-v2.jar:?]
	at net.fabricmc.loader.impl.game.minecraft.MinecraftGameProvider.launch(MinecraftGameProvider.java:470) ~[fabric-loader-0.15.6.jar:?]
	at net.fabricmc.loader.impl.launch.knot.Knot.launch(Knot.java:74) ~[fabric-loader-0.15.6.jar:?]
	at net.fabricmc.loader.impl.launch.knot.KnotClient.main(KnotClient.java:23) ~[fabric-loader-0.15.6.jar:?]
	at net.fabricmc.devlaunchinjector.Main.main(Main.java:86) ~[dev-launch-injector-0.2.1+build.8.jar:?]
[14:26:12] [Render thread/INFO] (BusinessCraft Fabric) BusinessCraft Fabric constructor called!
[14:26:12] [Render thread/INFO] (Minecraft) [STDOUT]: DEBUG: BusinessCraft Fabric mod starting up!
[14:26:12] [Render thread/INFO] (Minecraft) [STDOUT]: DEBUG: FabricModBlocks.register() called - Starting simple block registration
[14:26:12] [Render thread/INFO] (Minecraft) [STDERR]: Error in simple block registration: net.minecraft.core.Registry
[14:26:12] [Render thread/INFO] (Minecraft) [STDERR]: java.lang.ClassNotFoundException: net.minecraft.core.Registry
[14:26:12] [Render thread/INFO] (Minecraft) [STDERR]: 	at java.base/jdk.internal.loader.BuiltinClassLoader.loadClass(BuiltinClassLoader.java:641)
[14:26:12] [Render thread/INFO] (Minecraft) [STDERR]: 	at java.base/java.lang.ClassLoader.loadClass(ClassLoader.java:525)
[14:26:12] [Render thread/INFO] (Minecraft) [STDERR]: 	at net.fabricmc.loader.impl.launch.knot.KnotClassDelegate.loadClass(KnotClassDelegate.java:226)
[14:26:12] [Render thread/INFO] (Minecraft) [STDERR]: 	at net.fabricmc.loader.impl.launch.knot.KnotClassLoader.loadClass(KnotClassLoader.java:119)
[14:26:12] [Render thread/INFO] (Minecraft) [STDERR]: 	at java.base/java.lang.ClassLoader.loadClass(ClassLoader.java:525)
[14:26:12] [Render thread/INFO] (Minecraft) [STDERR]: 	at com.quackers29.businesscraft.fabric.init.FabricModBlocks.register(FabricModBlocks.java:17)
[14:26:12] [Render thread/INFO] (Minecraft) [STDERR]: 	at com.quackers29.businesscraft.fabric.BusinessCraftFabric.onInitialize(BusinessCraftFabric.java:73)
[14:26:12] [Render thread/INFO] (Minecraft) [STDERR]: 	at net.fabricmc.loader.impl.FabricLoaderImpl.invokeEntrypoints(FabricLoaderImpl.java:384)
[14:26:12] [Render thread/INFO] (Minecraft) [STDERR]: 	at net.fabricmc.loader.impl.game.minecraft.Hooks.startClient(Hooks.java:52)
[14:26:12] [Render thread/INFO] (Minecraft) [STDERR]: 	at net.minecraft.client.MinecraftClient.<init>(MinecraftClient.java:458)
[14:26:12] [Render thread/INFO] (Minecraft) [STDERR]: 	at net.minecraft.client.main.Main.main(Main.java:211)
[14:26:12] [Render thread/INFO] (Minecraft) [STDERR]: 	at net.fabricmc.loader.impl.game.minecraft.MinecraftGameProvider.launch(MinecraftGameProvider.java:470)
[14:26:12] [Render thread/INFO] (Minecraft) [STDERR]: 	at net.fabricmc.loader.impl.launch.knot.Knot.launch(Knot.java:74)
[14:26:12] [Render thread/INFO] (Minecraft) [STDERR]: 	at net.fabricmc.loader.impl.launch.knot.KnotClient.main(KnotClient.java:23)
[14:26:12] [Render thread/INFO] (Minecraft) [STDERR]: 	at net.fabricmc.devlaunchinjector.Main.main(Main.java:86)
[14:26:12] [Render thread/INFO] (Minecraft) [STDOUT]: DEBUG: Entity registration placeholder
[14:26:12] [Render thread/INFO] (Minecraft) [STDOUT]: DEBUG: FabricModBlockEntities.register() called
[14:26:12] [Render thread/INFO] (Minecraft) [STDOUT]: DEBUG: Starting FabricModBlockEntities registration
[14:26:12] [Render thread/INFO] (Minecraft) [STDERR]: Error registering Town Interface Entity: net.minecraft.core.Registry
[14:26:12] [Render thread/INFO] (Minecraft) [STDERR]: java.lang.ClassNotFoundException: net.minecraft.core.Registry
[14:26:12] [Render thread/INFO] (Minecraft) [STDERR]: 	at java.base/jdk.internal.loader.BuiltinClassLoader.loadClass(BuiltinClassLoader.java:641)
[14:26:12] [Render thread/INFO] (Minecraft) [STDERR]: 	at java.base/java.lang.ClassLoader.loadClass(ClassLoader.java:525)
[14:26:12] [Render thread/INFO] (Minecraft) [STDERR]: 	at net.fabricmc.loader.impl.launch.knot.KnotClassDelegate.loadClass(KnotClassDelegate.java:226)
[14:26:12] [Render thread/INFO] (Minecraft) [STDERR]: 	at net.fabricmc.loader.impl.launch.knot.KnotClassLoader.loadClass(KnotClassLoader.java:119)
[14:26:12] [Render thread/INFO] (Minecraft) [STDERR]: 	at java.base/java.lang.ClassLoader.loadClass(ClassLoader.java:525)
[14:26:12] [Render thread/INFO] (Minecraft) [STDERR]: 	at com.quackers29.businesscraft.fabric.init.FabricModBlockEntities.register(FabricModBlockEntities.java:28)
[14:26:12] [Render thread/INFO] (Minecraft) [STDERR]: 	at com.quackers29.businesscraft.fabric.BusinessCraftFabric.onInitialize(BusinessCraftFabric.java:75)
[14:26:12] [Render thread/INFO] (Minecraft) [STDERR]: 	at net.fabricmc.loader.impl.FabricLoaderImpl.invokeEntrypoints(FabricLoaderImpl.java:384)
[14:26:12] [Render thread/INFO] (Minecraft) [STDERR]: 	at net.fabricmc.loader.impl.game.minecraft.Hooks.startClient(Hooks.java:52)
[14:26:12] [Render thread/INFO] (Minecraft) [STDERR]: 	at net.minecraft.client.MinecraftClient.<init>(MinecraftClient.java:458)
[14:26:12] [Render thread/INFO] (Minecraft) [STDERR]: 	at net.minecraft.client.main.Main.main(Main.java:211)
[14:26:12] [Render thread/INFO] (Minecraft) [STDERR]: 	at net.fabricmc.loader.impl.game.minecraft.MinecraftGameProvider.launch(MinecraftGameProvider.java:470)
[14:26:12] [Render thread/INFO] (Minecraft) [STDERR]: 	at net.fabricmc.loader.impl.launch.knot.Knot.launch(Knot.java:74)
[14:26:12] [Render thread/INFO] (Minecraft) [STDERR]: 	at net.fabricmc.loader.impl.launch.knot.KnotClient.main(KnotClient.java:23)
[14:26:12] [Render thread/INFO] (Minecraft) [STDERR]: 	at net.fabricmc.devlaunchinjector.Main.main(Main.java:86)
[14:26:12] [Render thread/INFO] (FabricModMenuTypes) Registering Fabric menu types...
[14:26:12] [Render thread/ERROR] (FabricModMenuTypes) Error registering Fabric menu types
java.lang.ClassNotFoundException: net.minecraft.world.inventory.MenuType
	at jdk.internal.loader.BuiltinClassLoader.loadClass(BuiltinClassLoader.java:641) ~[?:?]
	at java.lang.ClassLoader.loadClass(ClassLoader.java:525) ~[?:?]
	at net.fabricmc.loader.impl.launch.knot.KnotClassDelegate.loadClass(KnotClassDelegate.java:226) ~[fabric-loader-0.15.6.jar:?]
	at net.fabricmc.loader.impl.launch.knot.KnotClassLoader.loadClass(KnotClassLoader.java:119) ~[fabric-loader-0.15.6.jar:?]
	at java.lang.ClassLoader.loadClass(ClassLoader.java:525) ~[?:?]
	at com.quackers29.businesscraft.fabric.init.FabricModMenuTypes.register(FabricModMenuTypes.java:24) ~[main/:?]
	at com.quackers29.businesscraft.fabric.BusinessCraftFabric.onInitialize(BusinessCraftFabric.java:76) ~[main/:?]
	at net.fabricmc.loader.impl.FabricLoaderImpl.invokeEntrypoints(FabricLoaderImpl.java:384) ~[fabric-loader-0.15.6.jar:?]
	at net.fabricmc.loader.impl.game.minecraft.Hooks.startClient(Hooks.java:52) ~[fabric-loader-0.15.6.jar:?]
	at net.minecraft.client.MinecraftClient.<init>(MinecraftClient.java:458) ~[minecraft-merged-51c0cfe141-1.20.1-net.fabricmc.yarn.1_20_1.1.20.1+build.10-v2.jar:?]
	at net.minecraft.client.main.Main.main(Main.java:211) ~[minecraft-merged-51c0cfe141-1.20.1-net.fabricmc.yarn.1_20_1.1.20.1+build.10-v2.jar:?]
	at net.fabricmc.loader.impl.game.minecraft.MinecraftGameProvider.launch(MinecraftGameProvider.java:470) ~[fabric-loader-0.15.6.jar:?]
	at net.fabricmc.loader.impl.launch.knot.Knot.launch(Knot.java:74) ~[fabric-loader-0.15.6.jar:?]
	at net.fabricmc.loader.impl.launch.knot.KnotClient.main(KnotClient.java:23) ~[fabric-loader-0.15.6.jar:?]
	at net.fabricmc.devlaunchinjector.Main.main(Main.java:86) ~[dev-launch-injector-0.2.1+build.8.jar:?]
[14:26:12] [Render thread/INFO] (Minecraft) [STDERR]: java.lang.ClassNotFoundException: net.minecraft.world.inventory.MenuType
[14:26:12] [Render thread/INFO] (Minecraft) [STDERR]: 	at java.base/jdk.internal.loader.BuiltinClassLoader.loadClass(BuiltinClassLoader.java:641)
[14:26:12] [Render thread/INFO] (Minecraft) [STDERR]: 	at java.base/java.lang.ClassLoader.loadClass(ClassLoader.java:525)
[14:26:12] [Render thread/INFO] (Minecraft) [STDERR]: 	at net.fabricmc.loader.impl.launch.knot.KnotClassDelegate.loadClass(KnotClassDelegate.java:226)
[14:26:12] [Render thread/INFO] (Minecraft) [STDERR]: 	at net.fabricmc.loader.impl.launch.knot.KnotClassLoader.loadClass(KnotClassLoader.java:119)
[14:26:12] [Render thread/INFO] (Minecraft) [STDERR]: 	at java.base/java.lang.ClassLoader.loadClass(ClassLoader.java:525)
[14:26:12] [Render thread/INFO] (Minecraft) [STDERR]: 	at com.quackers29.businesscraft.fabric.init.FabricModMenuTypes.register(FabricModMenuTypes.java:24)
[14:26:12] [Render thread/INFO] (Minecraft) [STDERR]: 	at com.quackers29.businesscraft.fabric.BusinessCraftFabric.onInitialize(BusinessCraftFabric.java:76)
[14:26:12] [Render thread/INFO] (Minecraft) [STDERR]: 	at net.fabricmc.loader.impl.FabricLoaderImpl.invokeEntrypoints(FabricLoaderImpl.java:384)
[14:26:12] [Render thread/INFO] (Minecraft) [STDERR]: 	at net.fabricmc.loader.impl.game.minecraft.Hooks.startClient(Hooks.java:52)
[14:26:12] [Render thread/INFO] (Minecraft) [STDERR]: 	at net.minecraft.client.MinecraftClient.<init>(MinecraftClient.java:458)
[14:26:12] [Render thread/INFO] (Minecraft) [STDERR]: 	at net.minecraft.client.main.Main.main(Main.java:211)
[14:26:12] [Render thread/INFO] (Minecraft) [STDERR]: 	at net.fabricmc.loader.impl.game.minecraft.MinecraftGameProvider.launch(MinecraftGameProvider.java:470)
[14:26:12] [Render thread/INFO] (Minecraft) [STDERR]: 	at net.fabricmc.loader.impl.launch.knot.Knot.launch(Knot.java:74)
[14:26:12] [Render thread/INFO] (Minecraft) [STDERR]: 	at net.fabricmc.loader.impl.launch.knot.KnotClient.main(KnotClient.java:23)
[14:26:12] [Render thread/INFO] (Minecraft) [STDERR]: 	at net.fabricmc.devlaunchinjector.Main.main(Main.java:86)
[14:26:12] [Render thread/INFO] (FabricModMessages) Registering Fabric network messages...
[14:26:12] [Render thread/ERROR] (FabricModMessages) Error registering network messages
java.lang.ClassNotFoundException: net.fabricmc.fabric.api.networking.v1.ClientPlayNetworking
	at jdk.internal.loader.BuiltinClassLoader.loadClass(BuiltinClassLoader.java:641) ~[?:?]
	at java.lang.ClassLoader.loadClass(ClassLoader.java:525) ~[?:?]
	at net.fabricmc.loader.impl.launch.knot.KnotClassDelegate.loadClass(KnotClassDelegate.java:226) ~[fabric-loader-0.15.6.jar:?]
	at net.fabricmc.loader.impl.launch.knot.KnotClassLoader.loadClass(KnotClassLoader.java:119) ~[fabric-loader-0.15.6.jar:?]
	at java.lang.ClassLoader.loadClass(ClassLoader.java:525) ~[?:?]
	at com.quackers29.businesscraft.fabric.FabricModMessages.register(FabricModMessages.java:66) ~[main/:?]
	at com.quackers29.businesscraft.fabric.BusinessCraftFabric.onInitialize(BusinessCraftFabric.java:79) ~[main/:?]
	at net.fabricmc.loader.impl.FabricLoaderImpl.invokeEntrypoints(FabricLoaderImpl.java:384) ~[fabric-loader-0.15.6.jar:?]
	at net.fabricmc.loader.impl.game.minecraft.Hooks.startClient(Hooks.java:52) ~[fabric-loader-0.15.6.jar:?]
	at net.minecraft.client.MinecraftClient.<init>(MinecraftClient.java:458) ~[minecraft-merged-51c0cfe141-1.20.1-net.fabricmc.yarn.1_20_1.1.20.1+build.10-v2.jar:?]
	at net.minecraft.client.main.Main.main(Main.java:211) ~[minecraft-merged-51c0cfe141-1.20.1-net.fabricmc.yarn.1_20_1.1.20.1+build.10-v2.jar:?]
	at net.fabricmc.loader.impl.game.minecraft.MinecraftGameProvider.launch(MinecraftGameProvider.java:470) ~[fabric-loader-0.15.6.jar:?]
	at net.fabricmc.loader.impl.launch.knot.Knot.launch(Knot.java:74) ~[fabric-loader-0.15.6.jar:?]
	at net.fabricmc.loader.impl.launch.knot.KnotClient.main(KnotClient.java:23) ~[fabric-loader-0.15.6.jar:?]
	at net.fabricmc.devlaunchinjector.Main.main(Main.java:86) ~[dev-launch-injector-0.2.1+build.8.jar:?]
[14:26:12] [Render thread/INFO] (Minecraft) [STDERR]: java.lang.ClassNotFoundException: net.fabricmc.fabric.api.networking.v1.ClientPlayNetworking
[14:26:12] [Render thread/INFO] (Minecraft) [STDERR]: 	at java.base/jdk.internal.loader.BuiltinClassLoader.loadClass(BuiltinClassLoader.java:641)
[14:26:12] [Render thread/INFO] (Minecraft) [STDERR]: 	at java.base/java.lang.ClassLoader.loadClass(ClassLoader.java:525)
[14:26:12] [Render thread/INFO] (Minecraft) [STDERR]: 	at net.fabricmc.loader.impl.launch.knot.KnotClassDelegate.loadClass(KnotClassDelegate.java:226)
[14:26:12] [Render thread/INFO] (Minecraft) [STDERR]: 	at net.fabricmc.loader.impl.launch.knot.KnotClassLoader.loadClass(KnotClassLoader.java:119)
[14:26:12] [Render thread/INFO] (Minecraft) [STDERR]: 	at java.base/java.lang.ClassLoader.loadClass(ClassLoader.java:525)
[14:26:12] [Render thread/INFO] (Minecraft) [STDERR]: 	at com.quackers29.businesscraft.fabric.FabricModMessages.register(FabricModMessages.java:66)
[14:26:12] [Render thread/INFO] (Minecraft) [STDERR]: 	at com.quackers29.businesscraft.fabric.BusinessCraftFabric.onInitialize(BusinessCraftFabric.java:79)
[14:26:12] [Render thread/INFO] (Minecraft) [STDERR]: 	at net.fabricmc.loader.impl.FabricLoaderImpl.invokeEntrypoints(FabricLoaderImpl.java:384)
[14:26:12] [Render thread/INFO] (Minecraft) [STDERR]: 	at net.fabricmc.loader.impl.game.minecraft.Hooks.startClient(Hooks.java:52)
[14:26:12] [Render thread/INFO] (Minecraft) [STDERR]: 	at net.minecraft.client.MinecraftClient.<init>(MinecraftClient.java:458)
[14:26:12] [Render thread/INFO] (Minecraft) [STDERR]: 	at net.minecraft.client.main.Main.main(Main.java:211)
[14:26:12] [Render thread/INFO] (Minecraft) [STDERR]: 	at net.fabricmc.loader.impl.game.minecraft.MinecraftGameProvider.launch(MinecraftGameProvider.java:470)
[14:26:12] [Render thread/INFO] (Minecraft) [STDERR]: 	at net.fabricmc.loader.impl.launch.knot.Knot.launch(Knot.java:74)
[14:26:12] [Render thread/INFO] (Minecraft) [STDERR]: 	at net.fabricmc.loader.impl.launch.knot.KnotClient.main(KnotClient.java:23)
[14:26:12] [Render thread/INFO] (Minecraft) [STDERR]: 	at net.fabricmc.devlaunchinjector.Main.main(Main.java:86)
[14:26:12] [Render thread/INFO] (FabricModEvents) Registering Fabric events...
[14:26:12] [Render thread/INFO] (FabricEventCallbackHandler) Initializing Fabric event callback handlers...
[14:26:12] [Render thread/ERROR] (FabricEventCallbackHandler) Error registering server events
java.lang.ClassNotFoundException: net.fabricmc.fabric.api.event.lifecycle.v1.ServerPlayerEvents
	at jdk.internal.loader.BuiltinClassLoader.loadClass(BuiltinClassLoader.java:641) ~[?:?]
	at java.lang.ClassLoader.loadClass(ClassLoader.java:525) ~[?:?]
	at net.fabricmc.loader.impl.launch.knot.KnotClassDelegate.loadClass(KnotClassDelegate.java:226) ~[fabric-loader-0.15.6.jar:?]
	at net.fabricmc.loader.impl.launch.knot.KnotClassLoader.loadClass(KnotClassLoader.java:119) ~[fabric-loader-0.15.6.jar:?]
	at java.lang.ClassLoader.loadClass(ClassLoader.java:525) ~[?:?]
	at com.quackers29.businesscraft.fabric.event.FabricEventCallbackHandler.registerServerEvents(FabricEventCallbackHandler.java:59) ~[main/:?]
	at com.quackers29.businesscraft.fabric.event.FabricEventCallbackHandler.initialize(FabricEventCallbackHandler.java:38) ~[main/:?]
	at com.quackers29.businesscraft.fabric.FabricModEvents.register(FabricModEvents.java:22) ~[main/:?]
	at com.quackers29.businesscraft.fabric.BusinessCraftFabric.onInitialize(BusinessCraftFabric.java:82) ~[main/:?]
	at net.fabricmc.loader.impl.FabricLoaderImpl.invokeEntrypoints(FabricLoaderImpl.java:384) ~[fabric-loader-0.15.6.jar:?]
	at net.fabricmc.loader.impl.game.minecraft.Hooks.startClient(Hooks.java:52) ~[fabric-loader-0.15.6.jar:?]
	at net.minecraft.client.MinecraftClient.<init>(MinecraftClient.java:458) ~[minecraft-merged-51c0cfe141-1.20.1-net.fabricmc.yarn.1_20_1.1.20.1+build.10-v2.jar:?]
	at net.minecraft.client.main.Main.main(Main.java:211) ~[minecraft-merged-51c0cfe141-1.20.1-net.fabricmc.yarn.1_20_1.1.20.1+build.10-v2.jar:?]
	at net.fabricmc.loader.impl.game.minecraft.MinecraftGameProvider.launch(MinecraftGameProvider.java:470) ~[fabric-loader-0.15.6.jar:?]
	at net.fabricmc.loader.impl.launch.knot.Knot.launch(Knot.java:74) ~[fabric-loader-0.15.6.jar:?]
	at net.fabricmc.loader.impl.launch.knot.KnotClient.main(KnotClient.java:23) ~[fabric-loader-0.15.6.jar:?]
	at net.fabricmc.devlaunchinjector.Main.main(Main.java:86) ~[dev-launch-injector-0.2.1+build.8.jar:?]
[14:26:12] [Render thread/INFO] (Minecraft) [STDERR]: java.lang.ClassNotFoundException: net.fabricmc.fabric.api.event.lifecycle.v1.ServerPlayerEvents
[14:26:12] [Render thread/INFO] (Minecraft) [STDERR]: 	at java.base/jdk.internal.loader.BuiltinClassLoader.loadClass(BuiltinClassLoader.java:641)
[14:26:12] [Render thread/INFO] (Minecraft) [STDERR]: 	at java.base/java.lang.ClassLoader.loadClass(ClassLoader.java:525)
[14:26:12] [Render thread/INFO] (Minecraft) [STDERR]: 	at net.fabricmc.loader.impl.launch.knot.KnotClassDelegate.loadClass(KnotClassDelegate.java:226)
[14:26:12] [Render thread/INFO] (Minecraft) [STDERR]: 	at net.fabricmc.loader.impl.launch.knot.KnotClassLoader.loadClass(KnotClassLoader.java:119)
[14:26:12] [Render thread/INFO] (Minecraft) [STDERR]: 	at java.base/java.lang.ClassLoader.loadClass(ClassLoader.java:525)
[14:26:12] [Render thread/INFO] (Minecraft) [STDERR]: 	at com.quackers29.businesscraft.fabric.event.FabricEventCallbackHandler.registerServerEvents(FabricEventCallbackHandler.java:59)
[14:26:12] [Render thread/INFO] (Minecraft) [STDERR]: 	at com.quackers29.businesscraft.fabric.event.FabricEventCallbackHandler.initialize(FabricEventCallbackHandler.java:38)
[14:26:12] [Render thread/INFO] (Minecraft) [STDERR]: 	at com.quackers29.businesscraft.fabric.FabricModEvents.register(FabricModEvents.java:22)
[14:26:12] [Render thread/INFO] (Minecraft) [STDERR]: 	at com.quackers29.businesscraft.fabric.BusinessCraftFabric.onInitialize(BusinessCraftFabric.java:82)
[14:26:12] [Render thread/INFO] (Minecraft) [STDERR]: 	at net.fabricmc.loader.impl.FabricLoaderImpl.invokeEntrypoints(FabricLoaderImpl.java:384)
[14:26:12] [Render thread/INFO] (Minecraft) [STDERR]: 	at net.fabricmc.loader.impl.game.minecraft.Hooks.startClient(Hooks.java:52)
[14:26:12] [Render thread/INFO] (Minecraft) [STDERR]: 	at net.minecraft.client.MinecraftClient.<init>(MinecraftClient.java:458)
[14:26:12] [Render thread/INFO] (Minecraft) [STDERR]: 	at net.minecraft.client.main.Main.main(Main.java:211)
[14:26:12] [Render thread/INFO] (Minecraft) [STDERR]: 	at net.fabricmc.loader.impl.game.minecraft.MinecraftGameProvider.launch(MinecraftGameProvider.java:470)
[14:26:12] [Render thread/INFO] (Minecraft) [STDERR]: 	at net.fabricmc.loader.impl.launch.knot.Knot.launch(Knot.java:74)
[14:26:12] [Render thread/INFO] (Minecraft) [STDERR]: 	at net.fabricmc.loader.impl.launch.knot.KnotClient.main(KnotClient.java:23)
[14:26:12] [Render thread/INFO] (Minecraft) [STDERR]: 	at net.fabricmc.devlaunchinjector.Main.main(Main.java:86)
[14:26:12] [Render thread/INFO] (FabricEventCallbackHandler) Fabric event callback handlers initialized successfully
[14:26:12] [Render thread/INFO] (FabricModEvents) Fabric events registered successfully
[14:26:12] [Render thread/INFO] (BusinessCraft Fabric) BusinessCraft Fabric initialized successfully!
[14:26:13] [Render thread/INFO] (BusinessCraft Fabric Client) BusinessCraft Fabric client setup starting
[14:26:13] [Render thread/ERROR] (FabricEventCallbackHandler) Error registering client events
java.lang.ClassNotFoundException: net.fabricmc.fabric.api.client.event.lifecycle.v1.ClientWorldEvents
	at jdk.internal.loader.BuiltinClassLoader.loadClass(BuiltinClassLoader.java:641) ~[?:?]
	at java.lang.ClassLoader.loadClass(ClassLoader.java:525) ~[?:?]
	at net.fabricmc.loader.impl.launch.knot.KnotClassDelegate.loadClass(KnotClassDelegate.java:226) ~[fabric-loader-0.15.6.jar:?]
	at net.fabricmc.loader.impl.launch.knot.KnotClassLoader.loadClass(KnotClassLoader.java:119) ~[fabric-loader-0.15.6.jar:?]
	at java.lang.ClassLoader.loadClass(ClassLoader.java:525) ~[?:?]
	at com.quackers29.businesscraft.fabric.event.FabricEventCallbackHandler.registerClientEvents(FabricEventCallbackHandler.java:325) ~[main/:?]
	at com.quackers29.businesscraft.fabric.FabricClientSetup.onInitializeClient(FabricClientSetup.java:25) ~[main/:?]
	at net.fabricmc.loader.impl.FabricLoaderImpl.invokeEntrypoints(FabricLoaderImpl.java:384) ~[fabric-loader-0.15.6.jar:?]
	at net.fabricmc.loader.impl.game.minecraft.Hooks.startClient(Hooks.java:53) ~[fabric-loader-0.15.6.jar:?]
	at net.minecraft.client.MinecraftClient.<init>(MinecraftClient.java:458) ~[minecraft-merged-51c0cfe141-1.20.1-net.fabricmc.yarn.1_20_1.1.20.1+build.10-v2.jar:?]
	at net.minecraft.client.main.Main.main(Main.java:211) ~[minecraft-merged-51c0cfe141-1.20.1-net.fabricmc.yarn.1_20_1.1.20.1+build.10-v2.jar:?]
	at net.fabricmc.loader.impl.game.minecraft.MinecraftGameProvider.launch(MinecraftGameProvider.java:470) ~[fabric-loader-0.15.6.jar:?]
	at net.fabricmc.loader.impl.launch.knot.Knot.launch(Knot.java:74) ~[fabric-loader-0.15.6.jar:?]
	at net.fabricmc.loader.impl.launch.knot.KnotClient.main(KnotClient.java:23) ~[fabric-loader-0.15.6.jar:?]
	at net.fabricmc.devlaunchinjector.Main.main(Main.java:86) ~[dev-launch-injector-0.2.1+build.8.jar:?]
[14:26:13] [Render thread/INFO] (Minecraft) [STDERR]: java.lang.ClassNotFoundException: net.fabricmc.fabric.api.client.event.lifecycle.v1.ClientWorldEvents
[14:26:13] [Render thread/INFO] (Minecraft) [STDERR]: 	at java.base/jdk.internal.loader.BuiltinClassLoader.loadClass(BuiltinClassLoader.java:641)
[14:26:13] [Render thread/INFO] (Minecraft) [STDERR]: 	at java.base/java.lang.ClassLoader.loadClass(ClassLoader.java:525)
[14:26:13] [Render thread/INFO] (Minecraft) [STDERR]: 	at net.fabricmc.loader.impl.launch.knot.KnotClassDelegate.loadClass(KnotClassDelegate.java:226)
[14:26:13] [Render thread/INFO] (Minecraft) [STDERR]: 	at net.fabricmc.loader.impl.launch.knot.KnotClassLoader.loadClass(KnotClassLoader.java:119)
[14:26:13] [Render thread/INFO] (Minecraft) [STDERR]: 	at java.base/java.lang.ClassLoader.loadClass(ClassLoader.java:525)
[14:26:13] [Render thread/INFO] (Minecraft) [STDERR]: 	at com.quackers29.businesscraft.fabric.event.FabricEventCallbackHandler.registerClientEvents(FabricEventCallbackHandler.java:325)
[14:26:13] [Render thread/INFO] (Minecraft) [STDERR]: 	at com.quackers29.businesscraft.fabric.FabricClientSetup.onInitializeClient(FabricClientSetup.java:25)
[14:26:13] [Render thread/INFO] (Minecraft) [STDERR]: 	at net.fabricmc.loader.impl.FabricLoaderImpl.invokeEntrypoints(FabricLoaderImpl.java:384)
[14:26:13] [Render thread/INFO] (Minecraft) [STDERR]: 	at net.fabricmc.loader.impl.game.minecraft.Hooks.startClient(Hooks.java:53)
[14:26:13] [Render thread/INFO] (Minecraft) [STDERR]: 	at net.minecraft.client.MinecraftClient.<init>(MinecraftClient.java:458)
[14:26:13] [Render thread/INFO] (Minecraft) [STDERR]: 	at net.minecraft.client.main.Main.main(Main.java:211)
[14:26:13] [Render thread/INFO] (Minecraft) [STDERR]: 	at net.fabricmc.loader.impl.game.minecraft.MinecraftGameProvider.launch(MinecraftGameProvider.java:470)
[14:26:13] [Render thread/INFO] (Minecraft) [STDERR]: 	at net.fabricmc.loader.impl.launch.knot.Knot.launch(Knot.java:74)
[14:26:13] [Render thread/INFO] (Minecraft) [STDERR]: 	at net.fabricmc.loader.impl.launch.knot.KnotClient.main(KnotClient.java:23)
[14:26:13] [Render thread/INFO] (Minecraft) [STDERR]: 	at net.fabricmc.devlaunchinjector.Main.main(Main.java:86)
[14:26:13] [Render thread/INFO] (FabricModMessages) Registering Fabric client packet handlers...
[14:26:13] [Render thread/WARN] (FabricModMessages) Client packet IDs or classes not initialized - skipping client packet registration
[14:26:13] [Render thread/INFO] (BusinessCraft Fabric Client) Client packet handlers registered
[14:26:13] [Render thread/INFO] (BusinessCraft Fabric Client) Registering screens for menu types...
[14:26:13] [Render thread/ERROR] (BusinessCraft Fabric Client) Error registering screens
java.lang.ClassNotFoundException: net.minecraft.world.inventory.MenuType
	at jdk.internal.loader.BuiltinClassLoader.loadClass(BuiltinClassLoader.java:641) ~[?:?]
	at java.lang.ClassLoader.loadClass(ClassLoader.java:525) ~[?:?]
	at net.fabricmc.loader.impl.launch.knot.KnotClassDelegate.loadClass(KnotClassDelegate.java:226) ~[fabric-loader-0.15.6.jar:?]
	at net.fabricmc.loader.impl.launch.knot.KnotClassLoader.loadClass(KnotClassLoader.java:119) ~[fabric-loader-0.15.6.jar:?]
	at java.lang.ClassLoader.loadClass(ClassLoader.java:525) ~[?:?]
	at com.quackers29.businesscraft.fabric.FabricClientSetup.registerScreens(FabricClientSetup.java:63) ~[main/:?]
	at com.quackers29.businesscraft.fabric.FabricClientSetup.onInitializeClient(FabricClientSetup.java:31) ~[main/:?]
	at net.fabricmc.loader.impl.FabricLoaderImpl.invokeEntrypoints(FabricLoaderImpl.java:384) ~[fabric-loader-0.15.6.jar:?]
	at net.fabricmc.loader.impl.game.minecraft.Hooks.startClient(Hooks.java:53) ~[fabric-loader-0.15.6.jar:?]
	at net.minecraft.client.MinecraftClient.<init>(MinecraftClient.java:458) ~[minecraft-merged-51c0cfe141-1.20.1-net.fabricmc.yarn.1_20_1.1.20.1+build.10-v2.jar:?]
	at net.minecraft.client.main.Main.main(Main.java:211) ~[minecraft-merged-51c0cfe141-1.20.1-net.fabricmc.yarn.1_20_1.1.20.1+build.10-v2.jar:?]
	at net.fabricmc.loader.impl.game.minecraft.MinecraftGameProvider.launch(MinecraftGameProvider.java:470) ~[fabric-loader-0.15.6.jar:?]
	at net.fabricmc.loader.impl.launch.knot.Knot.launch(Knot.java:74) ~[fabric-loader-0.15.6.jar:?]
	at net.fabricmc.loader.impl.launch.knot.KnotClient.main(KnotClient.java:23) ~[fabric-loader-0.15.6.jar:?]
	at net.fabricmc.devlaunchinjector.Main.main(Main.java:86) ~[dev-launch-injector-0.2.1+build.8.jar:?]
[14:26:13] [Render thread/INFO] (Minecraft) [STDERR]: java.lang.ClassNotFoundException: net.minecraft.world.inventory.MenuType
[14:26:13] [Render thread/INFO] (Minecraft) [STDERR]: 	at java.base/jdk.internal.loader.BuiltinClassLoader.loadClass(BuiltinClassLoader.java:641)
[14:26:13] [Render thread/INFO] (Minecraft) [STDERR]: 	at java.base/java.lang.ClassLoader.loadClass(ClassLoader.java:525)
[14:26:13] [Render thread/INFO] (Minecraft) [STDERR]: 	at net.fabricmc.loader.impl.launch.knot.KnotClassDelegate.loadClass(KnotClassDelegate.java:226)
[14:26:13] [Render thread/INFO] (Minecraft) [STDERR]: 	at net.fabricmc.loader.impl.launch.knot.KnotClassLoader.loadClass(KnotClassLoader.java:119)
[14:26:13] [Render thread/INFO] (Minecraft) [STDERR]: 	at java.base/java.lang.ClassLoader.loadClass(ClassLoader.java:525)
[14:26:13] [Render thread/INFO] (Minecraft) [STDERR]: 	at com.quackers29.businesscraft.fabric.FabricClientSetup.registerScreens(FabricClientSetup.java:63)
[14:26:13] [Render thread/INFO] (Minecraft) [STDERR]: 	at com.quackers29.businesscraft.fabric.FabricClientSetup.onInitializeClient(FabricClientSetup.java:31)
[14:26:13] [Render thread/INFO] (Minecraft) [STDERR]: 	at net.fabricmc.loader.impl.FabricLoaderImpl.invokeEntrypoints(FabricLoaderImpl.java:384)
[14:26:13] [Render thread/INFO] (Minecraft) [STDERR]: 	at net.fabricmc.loader.impl.game.minecraft.Hooks.startClient(Hooks.java:53)
[14:26:13] [Render thread/INFO] (Minecraft) [STDERR]: 	at net.minecraft.client.MinecraftClient.<init>(MinecraftClient.java:458)
[14:26:13] [Render thread/INFO] (Minecraft) [STDERR]: 	at net.minecraft.client.main.Main.main(Main.java:211)
[14:26:13] [Render thread/INFO] (Minecraft) [STDERR]: 	at net.fabricmc.loader.impl.game.minecraft.MinecraftGameProvider.launch(MinecraftGameProvider.java:470)
[14:26:13] [Render thread/INFO] (Minecraft) [STDERR]: 	at net.fabricmc.loader.impl.launch.knot.Knot.launch(Knot.java:74)
[14:26:13] [Render thread/INFO] (Minecraft) [STDERR]: 	at net.fabricmc.loader.impl.launch.knot.KnotClient.main(KnotClient.java:23)
[14:26:13] [Render thread/INFO] (Minecraft) [STDERR]: 	at net.fabricmc.devlaunchinjector.Main.main(Main.java:86)
[14:26:13] [Render thread/INFO] (BusinessCraft Fabric Client) BusinessCraft Fabric client setup complete
[14:26:13] [Render thread/INFO] (Indigo) [Indigo] Registering Indigo renderer!
[14:26:13] [Render thread/INFO] (Minecraft) Backend library: LWJGL version 3.3.1 SNAPSHOT
[14:26:14] [Render thread/ERROR] (Minecraft) Error while loading the narrator
com.mojang.text2speech.Narrator$InitializeException: Failed to load library flite
	at com.mojang.text2speech.NarratorLinux$FliteLibrary.loadNative(NarratorLinux.java:69) ~[text2speech-1.17.9.jar:?]
	at com.mojang.text2speech.NarratorLinux.<init>(NarratorLinux.java:18) ~[text2speech-1.17.9.jar:?]
	at com.mojang.text2speech.Narrator.getNarrator(Narrator.java:41) ~[text2speech-1.17.9.jar:?]
	at net.minecraft.client.util.NarratorManager.<init>(NarratorManager.java:19) ~[minecraft-merged-51c0cfe141-1.20.1-net.fabricmc.yarn.1_20_1.1.20.1+build.10-v2.jar:?]
	at net.minecraft.client.MinecraftClient.<init>(MinecraftClient.java:640) ~[minecraft-merged-51c0cfe141-1.20.1-net.fabricmc.yarn.1_20_1.1.20.1+build.10-v2.jar:?]
	at net.minecraft.client.main.Main.main(Main.java:211) ~[minecraft-merged-51c0cfe141-1.20.1-net.fabricmc.yarn.1_20_1.1.20.1+build.10-v2.jar:?]
	at net.fabricmc.loader.impl.game.minecraft.MinecraftGameProvider.launch(MinecraftGameProvider.java:470) ~[fabric-loader-0.15.6.jar:?]
	at net.fabricmc.loader.impl.launch.knot.Knot.launch(Knot.java:74) ~[fabric-loader-0.15.6.jar:?]
	at net.fabricmc.loader.impl.launch.knot.KnotClient.main(KnotClient.java:23) ~[fabric-loader-0.15.6.jar:?]
	at net.fabricmc.devlaunchinjector.Main.main(Main.java:86) ~[dev-launch-injector-0.2.1+build.8.jar:?]
Caused by: java.lang.UnsatisfiedLinkError: Unable to load library 'flite':
libflite.so: cannot open shared object file: No such file or directory
libflite.so: cannot open shared object file: No such file or directory
Native library (linux-x86-64/libflite.so) not found in resource path (/home/az/project/BusinessCraft/fabric/build/classes/java/main:/home/az/project/BusinessCraft/fabric/build/resources/main:/home/az/.gradle/caches/fabric-loom/1.20.1/net.fabricmc.yarn.1_20_1.1.20.1+build.10-v2/mappings.jar:/home/az/project/BusinessCraft/common/build/libs/businesscraft-common.jar:/home/az/.gradle/caches/modules-2/files-2.1/org.ow2.asm/asm/9.6/aa205cf0a06dbd8e04ece91c0b37c3f5d567546a/asm-9.6.jar:/home/az/.gradle/caches/modules-2/files-2.1/org.ow2.asm/asm-analysis/9.6/9ce6c7b174bd997fc2552dff47964546bd7a5ec3/asm-analysis-9.6.jar:/home/az/.gradle/caches/modules-2/files-2.1/org.ow2.asm/asm-commons/9.6/f1a9e5508eff490744144565c47326c8648be309/asm-commons-9.6.jar:/home/az/.gradle/caches/modules-2/files-2.1/org.ow2.asm/asm-tree/9.6/c0cdda9d211e965d2a4448aa3fd86110f2f8c2de/asm-tree-9.6.jar:/home/az/.gradle/caches/modules-2/files-2.1/org.ow2.asm/asm-util/9.6/f77caf84eb93786a749b2baa40865b9613e3eaee/asm-util-9.6.jar:/home/az/.gradle/caches/modules-2/files-2.1/net.fabricmc/sponge-mixin/0.12.5+mixin.0.8.5/8d31fb97c3e0cd7c8dad3441851c523bcfae6d8e/sponge-mixin-0.12.5+mixin.0.8.5.jar:/home/az/.gradle/caches/modules-2/files-2.1/io.github.llamalad7/mixinextras-fabric/0.3.2/33c53c7014a170a9cdfbc801f7a77a0eefd3bd00/mixinextras-fabric-0.3.2.jar:/home/az/.gradle/caches/modules-2/files-2.1/net.fabricmc/dev-launch-injector/0.2.1+build.8/da8bef7e6e2f952da707f282bdb46882a0fce5e3/dev-launch-injector-0.2.1+build.8.jar:/home/az/.gradle/caches/modules-2/files-2.1/net.minecrell/terminalconsoleappender/1.3.0/b562e9bb61235c9520e26282cdee71f8f802d1fc/terminalconsoleappender-1.3.0.jar:/home/az/.gradle/caches/modules-2/files-2.1/com.github.oshi/oshi-core/6.2.2/54f5efc19bca95d709d9a37d19ffcbba3d21c1a6/oshi-core-6.2.2.jar:/home/az/.gradle/caches/modules-2/files-2.1/com.moandjiezana.toml/toml4j/0.7.2/a03337911d0bd2c40932aca3946edb30d0e7d0c/toml4j-0.7.2.jar:/home/az/.gradle/caches/modules-2/files-2.1/com.google.code.gson/gson/2.10/dd9b193aef96e973d5a11ab13cd17430c2e4306b/gson-2.10.jar:/home/az/.gradle/caches/modules-2/files-2.1/com.google.guava/failureaccess/1.0.1/1dcf1de382a0bf95a3d8b0849546c88bac1292c9/failureaccess-1.0.1.jar:/home/az/.gradle/caches/modules-2/files-2.1/com.google.guava/guava/31.1-jre/60458f877d055d0c9114d9e1a2efb737b4bc282c/guava-31.1-jre.jar:/home/az/.gradle/caches/modules-2/files-2.1/com.ibm.icu/icu4j/71.1/9e7d3304c23f9ba5cb71915f7cce23231a57a445/icu4j-71.1.jar:/home/az/.gradle/caches/modules-2/files-2.1/com.mojang/authlib/4.0.43/2ff9d747a77570a07a60d32ac77eb6162ad2a2d9/authlib-4.0.43.jar:/home/az/.gradle/caches/modules-2/files-2.1/com.mojang/blocklist/1.0.10/5c685c5ffa94c4cd39496c7184c1d122e515ecef/blocklist-1.0.10.jar:/home/az/.gradle/caches/modules-2/files-2.1/com.mojang/brigadier/1.1.8/5244ce82c3337bba4a196a3ce858bfaecc74404a/brigadier-1.1.8.jar:/home/az/.gradle/caches/modules-2/files-2.1/com.mojang/datafixerupper/6.0.8/3ba4a30557a9b057760af4011f909ba619fc5125/datafixerupper-6.0.8.jar:/home/az/.gradle/caches/modules-2/files-2.1/com.mojang/logging/1.1.1/832b8e6674a9b325a5175a3a6267dfaf34c85139/logging-1.1.1.jar:/home/az/.gradle/caches/modules-2/files-2.1/com.mojang/patchy/2.2.10/da05971b07cbb379d002cf7eaec6a2048211fefc/patchy-2.2.10.jar:/home/az/.gradle/caches/modules-2/files-2.1/com.mojang/text2speech/1.17.9/3cad216e3a7f0c19b4b394388bc9ffc446f13b14/text2speech-1.17.9.jar:/home/az/.gradle/caches/modules-2/files-2.1/commons-codec/commons-codec/1.15/49d94806b6e3dc933dacbd8acb0fdbab8ebd1e5d/commons-codec-1.15.jar:/home/az/.gradle/caches/modules-2/files-2.1/commons-io/commons-io/2.11.0/a2503f302b11ebde7ebc3df41daebe0e4eea3689/commons-io-2.11.0.jar:/home/az/.gradle/caches/modules-2/files-2.1/commons-logging/commons-logging/1.2/4bfc12adfe4842bf07b657f0369c4cb522955686/commons-logging-1.2.jar:/home/az/.gradle/caches/modules-2/files-2.1/io.netty/netty-buffer/4.1.82.Final/a544270cf1ae8b8077082f5036436a9a9971ea71/netty-buffer-4.1.82.Final.jar:/home/az/.gradle/caches/modules-2/files-2.1/io.netty/netty-codec/4.1.82.Final/b77200379acb345a9ffdece1c605e591ac3e4e0a/netty-codec-4.1.82.Final.jar:/home/az/.gradle/caches/modules-2/files-2.1/io.netty/netty-common/4.1.82.Final/22d148e85c3f5ebdacc0ce1f5aabb1d420f73f3/netty-common-4.1.82.Final.jar:/home/az/.gradle/caches/modules-2/files-2.1/io.netty/netty-handler/4.1.82.Final/644041d1fa96a5d3130a29e8978630d716d76e38/netty-handler-4.1.82.Final.jar:/home/az/.gradle/caches/modules-2/files-2.1/io.netty/netty-resolver/4.1.82.Final/38f665ae8dcd29032eea31245ba7806bed2e0fa8/netty-resolver-4.1.82.Final.jar:/home/az/.gradle/caches/modules-2/files-2.1/io.netty/netty-transport-classes-epoll/4.1.82.Final/e7c7dd18deac93105797f30057c912651ea76521/netty-transport-classes-epoll-4.1.82.Final.jar:/home/az/.gradle/caches/modules-2/files-2.1/io.netty/netty-transport-native-epoll/4.1.82.Final/476409d6255001ca53a55f65b01c13822f8dc93a/netty-transport-native-epoll-4.1.82.Final-linux-aarch_64.jar:/home/az/.gradle/caches/modules-2/files-2.1/io.netty/netty-transport-native-epoll/4.1.82.Final/c7350a71920f3ae9142945e25fed4846cce53374/netty-transport-native-epoll-4.1.82.Final-linux-x86_64.jar:/home/az/.gradle/caches/modules-2/files-2.1/io.netty/netty-transport-native-unix-common/4.1.82.Final/3e895b35ca1b8a0eca56cacff4c2dde5d2c6abce/netty-transport-native-unix-common-4.1.82.Final.jar:/home/az/.gradle/caches/modules-2/files-2.1/io.netty/netty-transport/4.1.82.Final/e431a218d91acb6476ccad5f5aafde50aa3945ca/netty-transport-4.1.82.Final.jar:/home/az/.gradle/caches/modules-2/files-2.1/it.unimi.dsi/fastutil/8.5.9/bb7ea75ecdb216654237830b3a96d87ad91f8cc5/fastutil-8.5.9.jar:/home/az/.gradle/caches/modules-2/files-2.1/net.java.dev.jna/jna-platform/5.12.1/97406a297c852f4a41e688a176ec675f72e8329/jna-platform-5.12.1.jar:/home/az/.gradle/caches/modules-2/files-2.1/net.java.dev.jna/jna/5.12.1/b1e93a735caea94f503e95e6fe79bf9cdc1e985d/jna-5.12.1.jar:/home/az/.gradle/caches/modules-2/files-2.1/net.sf.jopt-simple/jopt-simple/5.0.4/4fdac2fbe92dfad86aa6e9301736f6b4342a3f5c/jopt-simple-5.0.4.jar:/home/az/.gradle/caches/modules-2/files-2.1/org.apache.commons/commons-compress/1.21/4ec95b60d4e86b5c95a0e919cb172a0af98011ef/commons-compress-1.21.jar:/home/az/.gradle/caches/modules-2/files-2.1/org.apache.commons/commons-lang3/3.12.0/c6842c86792ff03b9f1d1fe2aab8dc23aa6c6f0e/commons-lang3-3.12.0.jar:/home/az/.gradle/caches/modules-2/files-2.1/org.apache.httpcomponents/httpclient/4.5.13/e5f6cae5ca7ecaac1ec2827a9e2d65ae2869cada/httpclient-4.5.13.jar:/home/az/.gradle/caches/modules-2/files-2.1/org.apache.httpcomponents/httpcore/4.4.15/7f2e0c573eaa7a74bac2e89b359e1f73d92a0a1d/httpcore-4.4.15.jar:/home/az/.gradle/caches/modules-2/files-2.1/org.apache.logging.log4j/log4j-core/2.19.0/3b6eeb4de4c49c0fe38a4ee27188ff5fee44d0bb/log4j-core-2.19.0.jar:/home/az/.gradle/caches/modules-2/files-2.1/org.apache.logging.log4j/log4j-api/2.19.0/ea1b37f38c327596b216542bc636cfdc0b8036fa/log4j-api-2.19.0.jar:/home/az/.gradle/caches/modules-2/files-2.1/org.apache.logging.log4j/log4j-slf4j2-impl/2.19.0/5c04bfdd63ce9dceb2e284b81e96b6a70010ee10/log4j-slf4j2-impl-2.19.0.jar:/home/az/.gradle/caches/modules-2/files-2.1/org.joml/joml/1.10.5/22566d58af70ad3d72308bab63b8339906deb649/joml-1.10.5.jar:/home/az/.gradle/caches/modules-2/files-2.1/org.lwjgl/lwjgl-glfw/3.3.1/cbac1b8d30cb4795149c1ef540f912671a8616d0/lwjgl-glfw-3.3.1.jar:/home/az/.gradle/caches/modules-2/files-2.1/org.lwjgl/lwjgl-glfw/3.3.1/81716978214ecbda15050ca394b06ef61501a49e/lwjgl-glfw-3.3.1-natives-linux.jar:/home/az/.gradle/caches/modules-2/files-2.1/org.lwjgl/lwjgl-jemalloc/3.3.1/a817bcf213db49f710603677457567c37d53e103/lwjgl-jemalloc-3.3.1.jar:/home/az/.gradle/caches/modules-2/files-2.1/org.lwjgl/lwjgl-jemalloc/3.3.1/33dbb017b6ed6b25f993ad9d56741a49e7937718/lwjgl-jemalloc-3.3.1-natives-linux.jar:/home/az/.gradle/caches/modules-2/files-2.1/org.lwjgl/lwjgl-openal/3.3.1/2623a6b8ae1dfcd880738656a9f0243d2e6840bd/lwjgl-openal-3.3.1.jar:/home/az/.gradle/caches/modules-2/files-2.1/org.lwjgl/lwjgl-openal/3.3.1/f906b6439f6daa66001182ea7727e3467a93681b/lwjgl-openal-3.3.1-natives-linux.jar:/home/az/.gradle/caches/modules-2/files-2.1/org.lwjgl/lwjgl-opengl/3.3.1/831a5533a21a5f4f81bbc51bb13e9899319b5411/lwjgl-opengl-3.3.1.jar:/home/az/.gradle/caches/modules-2/files-2.1/org.lwjgl/lwjgl-opengl/3.3.1/ab9ab6fde3743e3550fa5d46d785ecb45b047d99/lwjgl-opengl-3.3.1-natives-linux.jar:/home/az/.gradle/caches/modules-2/files-2.1/org.lwjgl/lwjgl-stb/3.3.1/b119297cf8ed01f247abe8685857f8e7fcf5980f/lwjgl-stb-3.3.1.jar:/home/az/.gradle/caches/modules-2/files-2.1/org.lwjgl/lwjgl-stb/3.3.1/3ee7aec8686e52867677110415566a5342a80230/lwjgl-stb-3.3.1-natives-linux.jar:/home/az/.gradle/caches/modules-2/files-2.1/org.lwjgl/lwjgl-tinyfd/3.3.1/ff1914111ef2e3e0110ef2dabc8d8cdaad82347/lwjgl-tinyfd-3.3.1.jar:/home/az/.gradle/caches/modules-2/files-2.1/org.lwjgl/lwjgl-tinyfd/3.3.1/a35110b9471bea8cde826ab297550ee8c22f5035/lwjgl-tinyfd-3.3.1-natives-linux.jar:/home/az/.gradle/caches/modules-2/files-2.1/org.lwjgl/lwjgl/3.3.1/ae58664f88e18a9bb2c77b063833ca7aaec484cb/lwjgl-3.3.1.jar:/home/az/.gradle/caches/modules-2/files-2.1/org.lwjgl/lwjgl/3.3.1/1de885aba434f934201b99f2f1afb142036ac189/lwjgl-3.3.1-natives-linux.jar:/home/az/.gradle/caches/modules-2/files-2.1/org.slf4j/slf4j-api/2.0.1/f48d81adce2abf5ad3cfe463df517952749e03bc/slf4j-api-2.0.1.jar:/home/az/project/BusinessCraft/.gradle/loom-cache/minecraftMaven/net/minecraft/minecraft-merged-51c0cfe141/1.20.1-net.fabricmc.yarn.1_20_1.1.20.1+build.10-v2/minecraft-merged-51c0cfe141-1.20.1-net.fabricmc.yarn.1_20_1.1.20.1+build.10-v2.jar:/home/az/.gradle/caches/modules-2/files-2.1/net.fabricmc/fabric-loader/0.15.6/2b6b8b0f6d842b6891f7c9b8b66f2aed12bc2619/fabric-loader-0.15.6.jar:/home/az/project/BusinessCraft/.gradle/loom-cache/remapped_mods/net_fabricmc_yarn_1_20_1_1_20_1_build_10_v2/net/fabricmc/fabric-api/fabric-api/0.91.0+1.20.1/fabric-api-0.91.0+1.20.1.jar:/home/az/project/BusinessCraft/.gradle/loom-cache/remapped_mods/net_fabricmc_yarn_1_20_1_1_20_1_build_10_v2/net/fabricmc/fabric-api/fabric-transfer-api-v1/3.3.3+c81d263177/fabric-transfer-api-v1-3.3.3+c81d263177.jar:/home/az/project/BusinessCraft/.gradle/loom-cache/remapped_mods/net_fabricmc_yarn_1_20_1_1_20_1_build_10_v2/net/fabricmc/fabric-api/fabric-api-lookup-api-v1/1.6.35+4d8536c977/fabric-api-lookup-api-v1-1.6.35+4d8536c977.jar:/home/az/project/BusinessCraft/.gradle/loom-cache/remapped_mods/net_fabricmc_yarn_1_20_1_1_20_1_build_10_v2/net/fabricmc/fabric-api/fabric-blockrenderlayer-v1/1.1.40+b3afc78b77/fabric-blockrenderlayer-v1-1.1.40+b3afc78b77.jar:/home/az/project/BusinessCraft/.gradle/loom-cache/remapped_mods/net_fabricmc_yarn_1_20_1_1_20_1_build_10_v2/net/fabricmc/fabric-api/fabric-client-tags-api-v1/1.1.1+97bb207577/fabric-client-tags-api-v1-1.1.1+97bb207577.jar:/home/az/project/BusinessCraft/.gradle/loom-cache/remapped_mods/net_fabricmc_yarn_1_20_1_1_20_1_build_10_v2/net/fabricmc/fabric-api/fabric-command-api-v1/1.2.33+f71b366f77/fabric-command-api-v1-1.2.33+f71b366f77.jar:/home/az/project/BusinessCraft/.gradle/loom-cache/remapped_mods/net_fabricmc_yarn_1_20_1_1_20_1_build_10_v2/net/fabricmc/fabric-api/fabric-commands-v0/0.2.50+df3654b377/fabric-commands-v0-0.2.50+df3654b377.jar:/home/az/project/BusinessCraft/.gradle/loom-cache/remapped_mods/net_fabricmc_yarn_1_20_1_1_20_1_build_10_v2/net/fabricmc/fabric-api/fabric-command-api-v2/2.2.12+b3afc78b77/fabric-command-api-v2-2.2.12+b3afc78b77.jar:/home/az/project/BusinessCraft/.gradle/loom-cache/remapped_mods/net_fabricmc_yarn_1_20_1_1_20_1_build_10_v2/net/fabricmc/fabric-api/fabric-content-registries-v0/4.0.10+57aed33f77/fabric-content-registries-v0-4.0.10+57aed33f77.jar:/home/az/project/BusinessCraft/.gradle/loom-cache/remapped_mods/net_fabricmc_yarn_1_20_1_1_20_1_build_10_v2/net/fabricmc/fabric-api/fabric-convention-tags-v1/1.5.4+a1a980da77/fabric-convention-tags-v1-1.5.4+a1a980da77.jar:/home/az/project/BusinessCraft/.gradle/loom-cache/remapped_mods/net_fabricmc_yarn_1_20_1_1_20_1_build_10_v2/net/fabricmc/fabric-api/fabric-data-generation-api-v1/12.3.3+d7b148e077/fabric-data-generation-api-v1-12.3.3+d7b148e077.jar:/home/az/project/BusinessCraft/.gradle/loom-cache/remapped_mods/net_fabricmc_yarn_1_20_1_1_20_1_build_10_v2/net/fabricmc/fabric-api/fabric-dimensions-v1/2.1.53+8536527b77/fabric-dimensions-v1-2.1.53+8536527b77.jar:/home/az/project/BusinessCraft/.gradle/loom-cache/remapped_mods/net_fabricmc_yarn_1_20_1_1_20_1_build_10_v2/net/fabricmc/fabric-api/fabric-entity-events-v1/1.5.22+b3afc78b77/fabric-entity-events-v1-1.5.22+b3afc78b77.jar:/home/az/project/BusinessCraft/.gradle/loom-cache/remapped_mods/net_fabricmc_yarn_1_20_1_1_20_1_build_10_v2/net/fabricmc/fabric-api/fabric-events-interaction-v0/0.6.1+e91849a877/fabric-events-interaction-v0-0.6.1+e91849a877.jar:/home/az/project/BusinessCraft/.gradle/loom-cache/remapped_mods/net_fabricmc_yarn_1_20_1_1_20_1_build_10_v2/net/fabricmc/fabric-api/fabric-gametest-api-v1/1.2.12+b3afc78b77/fabric-gametest-api-v1-1.2.12+b3afc78b77.jar:/home/az/project/BusinessCraft/.gradle/loom-cache/remapped_mods/net_fabricmc_yarn_1_20_1_1_20_1_build_10_v2/net/fabricmc/fabric-api/fabric-events-lifecycle-v0/0.2.62+df3654b377/fabric-events-lifecycle-v0-0.2.62+df3654b377.jar:/home/az/project/BusinessCraft/.gradle/loom-cache/remapped_mods/net_fabricmc_yarn_1_20_1_1_20_1_build_10_v2/net/fabricmc/fabric-api/fabric-item-api-v1/2.1.27+b3afc78b77/fabric-item-api-v1-2.1.27+b3afc78b77.jar:/home/az/project/BusinessCraft/.gradle/loom-cache/remapped_mods/net_fabricmc_yarn_1_20_1_1_20_1_build_10_v2/net/fabricmc/fabric-api/fabric-item-group-api-v1/4.0.11+d7b148e077/fabric-item-group-api-v1-4.0.11+d7b148e077.jar:/home/az/project/BusinessCraft/.gradle/loom-cache/remapped_mods/net_fabricmc_yarn_1_20_1_1_20_1_build_10_v2/net/fabricmc/fabric-api/fabric-mining-level-api-v1/2.1.49+b3afc78b77/fabric-mining-level-api-v1-2.1.49+b3afc78b77.jar:/home/az/project/BusinessCraft/.gradle/loom-cache/remapped_mods/net_fabricmc_yarn_1_20_1_1_20_1_build_10_v2/net/fabricmc/fabric-api/fabric-lifecycle-events-v1/2.2.21+b3afc78b77/fabric-lifecycle-events-v1-2.2.21+b3afc78b77.jar:/home/az/project/BusinessCraft/.gradle/loom-cache/remapped_mods/net_fabricmc_yarn_1_20_1_1_20_1_build_10_v2/net/fabricmc/fabric-api/fabric-loot-tables-v1/1.1.44+9e7660c677/fabric-loot-tables-v1-1.1.44+9e7660c677.jar:/home/az/project/BusinessCraft/.gradle/loom-cache/remapped_mods/net_fabricmc_yarn_1_20_1_1_20_1_build_10_v2/net/fabricmc/fabric-api/fabric-loot-api-v2/1.2.0+96dfa95977/fabric-loot-api-v2-1.2.0+96dfa95977.jar:/home/az/project/BusinessCraft/.gradle/loom-cache/remapped_mods/net_fabricmc_yarn_1_20_1_1_20_1_build_10_v2/net/fabricmc/fabric-api/fabric-message-api-v1/5.1.8+d7b148e077/fabric-message-api-v1-5.1.8+d7b148e077.jar:/home/az/project/BusinessCraft/.gradle/loom-cache/remapped_mods/net_fabricmc_yarn_1_20_1_1_20_1_build_10_v2/net/fabricmc/fabric-api/fabric-models-v0/0.4.1+9386d8a777/fabric-models-v0-0.4.1+9386d8a777.jar:/home/az/project/BusinessCraft/.gradle/loom-cache/remapped_mods/net_fabricmc_yarn_1_20_1_1_20_1_build_10_v2/net/fabricmc/fabric-api/fabric-model-loading-api-v1/1.0.2+709a987177/fabric-model-loading-api-v1-1.0.2+709a987177.jar:/home/az/project/BusinessCraft/.gradle/loom-cache/remapped_mods/net_fabricmc_yarn_1_20_1_1_20_1_build_10_v2/net/fabricmc/fabric-api/fabric-recipe-api-v1/1.0.20+b3afc78b77/fabric-recipe-api-v1-1.0.20+b3afc78b77.jar:/home/az/project/BusinessCraft/.gradle/loom-cache/remapped_mods/net_fabricmc_yarn_1_20_1_1_20_1_build_10_v2/net/fabricmc/fabric-api/fabric-registry-sync-v0/2.3.2+4df89eb277/fabric-registry-sync-v0-2.3.2+4df89eb277.jar:/home/az/project/BusinessCraft/.gradle/loom-cache/remapped_mods/net_fabricmc_yarn_1_20_1_1_20_1_build_10_v2/net/fabricmc/fabric-api/fabric-screen-handler-api-v1/1.3.29+b3afc78b77/fabric-screen-handler-api-v1-1.3.29+b3afc78b77.jar:/home/az/project/BusinessCraft/.gradle/loom-cache/remapped_mods/net_fabricmc_yarn_1_20_1_1_20_1_build_10_v2/net/fabricmc/fabric-api/fabric-containers-v0/0.1.63+df3654b377/fabric-containers-v0-0.1.63+df3654b377.jar:/home/az/project/BusinessCraft/.gradle/loom-cache/remapped_mods/net_fabricmc_yarn_1_20_1_1_20_1_build_10_v2/net/fabricmc/fabric-api/fabric-networking-v0/0.3.50+df3654b377/fabric-networking-v0-0.3.50+df3654b377.jar:/home/az/project/BusinessCraft/.gradle/loom-cache/remapped_mods/net_fabricmc_yarn_1_20_1_1_20_1_build_10_v2/net/fabricmc/fabric-api/fabric-networking-api-v1/1.3.10+eeb8eb3677/fabric-networking-api-v1-1.3.10+eeb8eb3677.jar:/home/az/project/BusinessCraft/.gradle/loom-cache/remapped_mods/net_fabricmc_yarn_1_20_1_1_20_1_build_10_v2/net/fabricmc/fabric-api/fabric-object-builder-api-v1/11.1.2+4ee0bc6077/fabric-object-builder-api-v1-11.1.2+4ee0bc6077.jar:/home/az/project/BusinessCraft/.gradle/loom-cache/remapped_mods/net_fabricmc_yarn_1_20_1_1_20_1_build_10_v2/net/fabricmc/fabric-api/fabric-particles-v1/1.1.1+201a23a077/fabric-particles-v1-1.1.1+201a23a077.jar:/home/az/project/BusinessCraft/.gradle/loom-cache/remapped_mods/net_fabricmc_yarn_1_20_1_1_20_1_build_10_v2/net/fabricmc/fabric-api/fabric-renderer-indigo/1.5.0+39a511ba77/fabric-renderer-indigo-1.5.0+39a511ba77.jar:/home/az/project/BusinessCraft/.gradle/loom-cache/remapped_mods/net_fabricmc_yarn_1_20_1_1_20_1_build_10_v2/net/fabricmc/fabric-api/fabric-renderer-api-v1/3.2.0+39a511ba77/fabric-renderer-api-v1-3.2.0+39a511ba77.jar:/home/az/project/BusinessCraft/.gradle/loom-cache/remapped_mods/net_fabricmc_yarn_1_20_1_1_20_1_build_10_v2/net/fabricmc/fabric-api/fabric-rendering-fluids-v1/3.0.27+b3afc78b77/fabric-rendering-fluids-v1-3.0.27+b3afc78b77.jar:/home/az/project/BusinessCraft/.gradle/loom-cache/remapped_mods/net_fabricmc_yarn_1_20_1_1_20_1_build_10_v2/net/fabricmc/fabric-api/fabric-renderer-registries-v1/3.2.45+df3654b377/fabric-renderer-registries-v1-3.2.45+df3654b377.jar:/home/az/project/BusinessCraft/.gradle/loom-cache/remapped_mods/net_fabricmc_yarn_1_20_1_1_20_1_build_10_v2/net/fabricmc/fabric-api/fabric-rendering-v0/1.1.48+df3654b377/fabric-rendering-v0-1.1.48+df3654b377.jar:/home/az/project/BusinessCraft/.gradle/loom-cache/remapped_mods/net_fabricmc_yarn_1_20_1_1_20_1_build_10_v2/net/fabricmc/fabric-api/fabric-rendering-v1/3.0.7+b3afc78b77/fabric-rendering-v1-3.0.7+b3afc78b77.jar:/home/az/project/BusinessCraft/.gradle/loom-cache/remapped_mods/net_fabricmc_yarn_1_20_1_1_20_1_build_10_v2/net/fabricmc/fabric-api/fabric-screen-api-v1/2.0.7+b3afc78b77/fabric-screen-api-v1-2.0.7+b3afc78b77.jar:/home/az/project/BusinessCraft/.gradle/loom-cache/remapped_mods/net_fabricmc_yarn_1_20_1_1_20_1_build_10_v2/net/fabricmc/fabric-api/fabric-api-base/0.4.30+7abfd51577/fabric-api-base-0.4.30+7abfd51577.jar:/home/az/project/BusinessCraft/.gradle/loom-cache/remapped_mods/net_fabricmc_yarn_1_20_1_1_20_1_build_10_v2/net/fabricmc/fabric-api/fabric-biome-api-v1/13.0.12+215bbe9677/fabric-biome-api-v1-13.0.12+215bbe9677.jar:/home/az/project/BusinessCraft/.gradle/loom-cache/remapped_mods/net_fabricmc_yarn_1_20_1_1_20_1_build_10_v2/net/fabricmc/fabric-api/fabric-block-api-v1/1.0.10+92a0d36777/fabric-block-api-v1-1.0.10+92a0d36777.jar:/home/az/project/BusinessCraft/.gradle/loom-cache/remapped_mods/net_fabricmc_yarn_1_20_1_1_20_1_build_10_v2/net/fabricmc/fabric-api/fabric-rendering-data-attachment-v1/0.3.36+92a0d36777/fabric-rendering-data-attachment-v1-0.3.36+92a0d36777.jar:/home/az/project/BusinessCraft/.gradle/loom-cache/remapped_mods/net_fabricmc_yarn_1_20_1_1_20_1_build_10_v2/net/fabricmc/fabric-api/fabric-block-view-api-v2/1.0.0+92a0d36777/fabric-block-view-api-v2-1.0.0+92a0d36777.jar:/home/az/project/BusinessCraft/.gradle/loom-cache/remapped_mods/net_fabricmc_yarn_1_20_1_1_20_1_build_10_v2/net/fabricmc/fabric-api/fabric-crash-report-info-v1/0.2.18+aeb40ebe77/fabric-crash-report-info-v1-0.2.18+aeb40ebe77.jar:/home/az/project/BusinessCraft/.gradle/loom-cache/remapped_mods/net_fabricmc_yarn_1_20_1_1_20_1_build_10_v2/net/fabricmc/fabric-api/fabric-game-rule-api-v1/1.0.39+ae9f657a77/fabric-game-rule-api-v1-1.0.39+ae9f657a77.jar:/home/az/project/BusinessCraft/.gradle/loom-cache/remapped_mods/net_fabricmc_yarn_1_20_1_1_20_1_build_10_v2/net/fabricmc/fabric-api/fabric-keybindings-v0/0.2.34+df3654b377/fabric-keybindings-v0-0.2.34+df3654b377.jar:/home/az/project/BusinessCraft/.gradle/loom-cache/remapped_mods/net_fabricmc_yarn_1_20_1_1_20_1_build_10_v2/net/fabricmc/fabric-api/fabric-key-binding-api-v1/1.0.36+fb8d95da77/fabric-key-binding-api-v1-1.0.36+fb8d95da77.jar:/home/az/project/BusinessCraft/.gradle/loom-cache/remapped_mods/net_fabricmc_yarn_1_20_1_1_20_1_build_10_v2/net/fabricmc/fabric-api/fabric-resource-conditions-api-v1/2.3.7+29de845d77/fabric-resource-conditions-api-v1-2.3.7+29de845d77.jar:/home/az/project/BusinessCraft/.gradle/loom-cache/remapped_mods/net_fabricmc_yarn_1_20_1_1_20_1_build_10_v2/net/fabricmc/fabric-api/fabric-resource-loader-v0/0.11.9+132c48c177/fabric-resource-loader-v0-0.11.9+132c48c177.jar:/home/az/project/BusinessCraft/.gradle/loom-cache/remapped_mods/net_fabricmc_yarn_1_20_1_1_20_1_build_10_v2/net/fabricmc/fabric-api/fabric-sound-api-v1/1.0.12+b3afc78b77/fabric-sound-api-v1-1.0.12+b3afc78b77.jar:/home/az/project/BusinessCraft/.gradle/loom-cache/remapped_mods/net_fabricmc_yarn_1_20_1_1_20_1_build_10_v2/net/fabricmc/fabric-api/fabric-transitive-access-wideners-v1/4.3.0+6c31357e77/fabric-transitive-access-wideners-v1-4.3.0+6c31357e77.jar:/home/az/.gradle/caches/modules-2/files-2.1/org.jetbrains/annotations/23.0.0/8cc20c07506ec18e0834947b84a864bfc094484e/annotations-23.0.0.jar:/home/az/.gradle/caches/modules-2/files-2.1/org.jline/jline-reader/3.20.0/8f15415b022a25b473e8e16c28ae913186ffb9c4/jline-reader-3.20.0.jar:/home/az/.gradle/caches/modules-2/files-2.1/org.jline/jline-terminal/3.20.0/d0ddcc708ddf527a3454c941b7b9225cc83a15ff/jline-terminal-3.20.0.jar)
	at com.sun.jna.NativeLibrary.loadLibrary(NativeLibrary.java:307) ~[jna-5.12.1.jar:5.12.1 (b0)]
	at com.sun.jna.NativeLibrary.getInstance(NativeLibrary.java:467) ~[jna-5.12.1.jar:5.12.1 (b0)]
	at com.sun.jna.NativeLibrary.getInstance(NativeLibrary.java:409) ~[jna-5.12.1.jar:5.12.1 (b0)]
	at com.mojang.text2speech.NarratorLinux$FliteLibrary.loadNative(NarratorLinux.java:67) ~[text2speech-1.17.9.jar:?]
	... 9 more
	Suppressed: java.lang.UnsatisfiedLinkError: libflite.so: cannot open shared object file: No such file or directory
		at com.sun.jna.Native.open(Native Method) ~[jna-5.12.1.jar:5.12.1 (b0)]
		at com.sun.jna.NativeLibrary.loadLibrary(NativeLibrary.java:197) ~[jna-5.12.1.jar:5.12.1 (b0)]
		at com.sun.jna.NativeLibrary.getInstance(NativeLibrary.java:467) ~[jna-5.12.1.jar:5.12.1 (b0)]
		at com.sun.jna.NativeLibrary.getInstance(NativeLibrary.java:409) ~[jna-5.12.1.jar:5.12.1 (b0)]
		at com.mojang.text2speech.NarratorLinux$FliteLibrary.loadNative(NarratorLinux.java:67) ~[text2speech-1.17.9.jar:?]
		at com.mojang.text2speech.NarratorLinux.<init>(NarratorLinux.java:18) ~[text2speech-1.17.9.jar:?]
		at com.mojang.text2speech.Narrator.getNarrator(Narrator.java:41) ~[text2speech-1.17.9.jar:?]
		at net.minecraft.client.util.NarratorManager.<init>(NarratorManager.java:19) ~[minecraft-merged-51c0cfe141-1.20.1-net.fabricmc.yarn.1_20_1.1.20.1+build.10-v2.jar:?]
		at net.minecraft.client.MinecraftClient.<init>(MinecraftClient.java:640) ~[minecraft-merged-51c0cfe141-1.20.1-net.fabricmc.yarn.1_20_1.1.20.1+build.10-v2.jar:?]
		at net.minecraft.client.main.Main.main(Main.java:211) ~[minecraft-merged-51c0cfe141-1.20.1-net.fabricmc.yarn.1_20_1.1.20.1+build.10-v2.jar:?]
		at net.fabricmc.loader.impl.game.minecraft.MinecraftGameProvider.launch(MinecraftGameProvider.java:470) ~[fabric-loader-0.15.6.jar:?]
		at net.fabricmc.loader.impl.launch.knot.Knot.launch(Knot.java:74) ~[fabric-loader-0.15.6.jar:?]
		at net.fabricmc.loader.impl.launch.knot.KnotClient.main(KnotClient.java:23) ~[fabric-loader-0.15.6.jar:?]
		at net.fabricmc.devlaunchinjector.Main.main(Main.java:86) ~[dev-launch-injector-0.2.1+build.8.jar:?]
	Suppressed: java.lang.UnsatisfiedLinkError: libflite.so: cannot open shared object file: No such file or directory
		at com.sun.jna.Native.open(Native Method) ~[jna-5.12.1.jar:5.12.1 (b0)]
		at com.sun.jna.NativeLibrary.loadLibrary(NativeLibrary.java:210) ~[jna-5.12.1.jar:5.12.1 (b0)]
		at com.sun.jna.NativeLibrary.getInstance(NativeLibrary.java:467) ~[jna-5.12.1.jar:5.12.1 (b0)]
		at com.sun.jna.NativeLibrary.getInstance(NativeLibrary.java:409) ~[jna-5.12.1.jar:5.12.1 (b0)]
		at com.mojang.text2speech.NarratorLinux$FliteLibrary.loadNative(NarratorLinux.java:67) ~[text2speech-1.17.9.jar:?]
		at com.mojang.text2speech.NarratorLinux.<init>(NarratorLinux.java:18) ~[text2speech-1.17.9.jar:?]
		at com.mojang.text2speech.Narrator.getNarrator(Narrator.java:41) ~[text2speech-1.17.9.jar:?]
		at net.minecraft.client.util.NarratorManager.<init>(NarratorManager.java:19) ~[minecraft-merged-51c0cfe141-1.20.1-net.fabricmc.yarn.1_20_1.1.20.1+build.10-v2.jar:?]
		at net.minecraft.client.MinecraftClient.<init>(MinecraftClient.java:640) ~[minecraft-merged-51c0cfe141-1.20.1-net.fabricmc.yarn.1_20_1.1.20.1+build.10-v2.jar:?]
		at net.minecraft.client.main.Main.main(Main.java:211) ~[minecraft-merged-51c0cfe141-1.20.1-net.fabricmc.yarn.1_20_1.1.20.1+build.10-v2.jar:?]
		at net.fabricmc.loader.impl.game.minecraft.MinecraftGameProvider.launch(MinecraftGameProvider.java:470) ~[fabric-loader-0.15.6.jar:?]
		at net.fabricmc.loader.impl.launch.knot.Knot.launch(Knot.java:74) ~[fabric-loader-0.15.6.jar:?]
		at net.fabricmc.loader.impl.launch.knot.KnotClient.main(KnotClient.java:23) ~[fabric-loader-0.15.6.jar:?]
		at net.fabricmc.devlaunchinjector.Main.main(Main.java:86) ~[dev-launch-injector-0.2.1+build.8.jar:?]
	Suppressed: java.io.IOException: Native library (linux-x86-64/libflite.so) not found in resource path (/home/az/project/BusinessCraft/fabric/build/classes/java/main:/home/az/project/BusinessCraft/fabric/build/resources/main:/home/az/.gradle/caches/fabric-loom/1.20.1/net.fabricmc.yarn.1_20_1.1.20.1+build.10-v2/mappings.jar:/home/az/project/BusinessCraft/common/build/libs/businesscraft-common.jar:/home/az/.gradle/caches/modules-2/files-2.1/org.ow2.asm/asm/9.6/aa205cf0a06dbd8e04ece91c0b37c3f5d567546a/asm-9.6.jar:/home/az/.gradle/caches/modules-2/files-2.1/org.ow2.asm/asm-analysis/9.6/9ce6c7b174bd997fc2552dff47964546bd7a5ec3/asm-analysis-9.6.jar:/home/az/.gradle/caches/modules-2/files-2.1/org.ow2.asm/asm-commons/9.6/f1a9e5508eff490744144565c47326c8648be309/asm-commons-9.6.jar:/home/az/.gradle/caches/modules-2/files-2.1/org.ow2.asm/asm-tree/9.6/c0cdda9d211e965d2a4448aa3fd86110f2f8c2de/asm-tree-9.6.jar:/home/az/.gradle/caches/modules-2/files-2.1/org.ow2.asm/asm-util/9.6/f77caf84eb93786a749b2baa40865b9613e3eaee/asm-util-9.6.jar:/home/az/.gradle/caches/modules-2/files-2.1/net.fabricmc/sponge-mixin/0.12.5+mixin.0.8.5/8d31fb97c3e0cd7c8dad3441851c523bcfae6d8e/sponge-mixin-0.12.5+mixin.0.8.5.jar:/home/az/.gradle/caches/modules-2/files-2.1/io.github.llamalad7/mixinextras-fabric/0.3.2/33c53c7014a170a9cdfbc801f7a77a0eefd3bd00/mixinextras-fabric-0.3.2.jar:/home/az/.gradle/caches/modules-2/files-2.1/net.fabricmc/dev-launch-injector/0.2.1+build.8/da8bef7e6e2f952da707f282bdb46882a0fce5e3/dev-launch-injector-0.2.1+build.8.jar:/home/az/.gradle/caches/modules-2/files-2.1/net.minecrell/terminalconsoleappender/1.3.0/b562e9bb61235c9520e26282cdee71f8f802d1fc/terminalconsoleappender-1.3.0.jar:/home/az/.gradle/caches/modules-2/files-2.1/com.github.oshi/oshi-core/6.2.2/54f5efc19bca95d709d9a37d19ffcbba3d21c1a6/oshi-core-6.2.2.jar:/home/az/.gradle/caches/modules-2/files-2.1/com.moandjiezana.toml/toml4j/0.7.2/a03337911d0bd2c40932aca3946edb30d0e7d0c/toml4j-0.7.2.jar:/home/az/.gradle/caches/modules-2/files-2.1/com.google.code.gson/gson/2.10/dd9b193aef96e973d5a11ab13cd17430c2e4306b/gson-2.10.jar:/home/az/.gradle/caches/modules-2/files-2.1/com.google.guava/failureaccess/1.0.1/1dcf1de382a0bf95a3d8b0849546c88bac1292c9/failureaccess-1.0.1.jar:/home/az/.gradle/caches/modules-2/files-2.1/com.google.guava/guava/31.1-jre/60458f877d055d0c9114d9e1a2efb737b4bc282c/guava-31.1-jre.jar:/home/az/.gradle/caches/modules-2/files-2.1/com.ibm.icu/icu4j/71.1/9e7d3304c23f9ba5cb71915f7cce23231a57a445/icu4j-71.1.jar:/home/az/.gradle/caches/modules-2/files-2.1/com.mojang/authlib/4.0.43/2ff9d747a77570a07a60d32ac77eb6162ad2a2d9/authlib-4.0.43.jar:/home/az/.gradle/caches/modules-2/files-2.1/com.mojang/blocklist/1.0.10/5c685c5ffa94c4cd39496c7184c1d122e515ecef/blocklist-1.0.10.jar:/home/az/.gradle/caches/modules-2/files-2.1/com.mojang/brigadier/1.1.8/5244ce82c3337bba4a196a3ce858bfaecc74404a/brigadier-1.1.8.jar:/home/az/.gradle/caches/modules-2/files-2.1/com.mojang/datafixerupper/6.0.8/3ba4a30557a9b057760af4011f909ba619fc5125/datafixerupper-6.0.8.jar:/home/az/.gradle/caches/modules-2/files-2.1/com.mojang/logging/1.1.1/832b8e6674a9b325a5175a3a6267dfaf34c85139/logging-1.1.1.jar:/home/az/.gradle/caches/modules-2/files-2.1/com.mojang/patchy/2.2.10/da05971b07cbb379d002cf7eaec6a2048211fefc/patchy-2.2.10.jar:/home/az/.gradle/caches/modules-2/files-2.1/com.mojang/text2speech/1.17.9/3cad216e3a7f0c19b4b394388bc9ffc446f13b14/text2speech-1.17.9.jar:/home/az/.gradle/caches/modules-2/files-2.1/commons-codec/commons-codec/1.15/49d94806b6e3dc933dacbd8acb0fdbab8ebd1e5d/commons-codec-1.15.jar:/home/az/.gradle/caches/modules-2/files-2.1/commons-io/commons-io/2.11.0/a2503f302b11ebde7ebc3df41daebe0e4eea3689/commons-io-2.11.0.jar:/home/az/.gradle/caches/modules-2/files-2.1/commons-logging/commons-logging/1.2/4bfc12adfe4842bf07b657f0369c4cb522955686/commons-logging-1.2.jar:/home/az/.gradle/caches/modules-2/files-2.1/io.netty/netty-buffer/4.1.82.Final/a544270cf1ae8b8077082f5036436a9a9971ea71/netty-buffer-4.1.82.Final.jar:/home/az/.gradle/caches/modules-2/files-2.1/io.netty/netty-codec/4.1.82.Final/b77200379acb345a9ffdece1c605e591ac3e4e0a/netty-codec-4.1.82.Final.jar:/home/az/.gradle/caches/modules-2/files-2.1/io.netty/netty-common/4.1.82.Final/22d148e85c3f5ebdacc0ce1f5aabb1d420f73f3/netty-common-4.1.82.Final.jar:/home/az/.gradle/caches/modules-2/files-2.1/io.netty/netty-handler/4.1.82.Final/644041d1fa96a5d3130a29e8978630d716d76e38/netty-handler-4.1.82.Final.jar:/home/az/.gradle/caches/modules-2/files-2.1/io.netty/netty-resolver/4.1.82.Final/38f665ae8dcd29032eea31245ba7806bed2e0fa8/netty-resolver-4.1.82.Final.jar:/home/az/.gradle/caches/modules-2/files-2.1/io.netty/netty-transport-classes-epoll/4.1.82.Final/e7c7dd18deac93105797f30057c912651ea76521/netty-transport-classes-epoll-4.1.82.Final.jar:/home/az/.gradle/caches/modules-2/files-2.1/io.netty/netty-transport-native-epoll/4.1.82.Final/476409d6255001ca53a55f65b01c13822f8dc93a/netty-transport-native-epoll-4.1.82.Final-linux-aarch_64.jar:/home/az/.gradle/caches/modules-2/files-2.1/io.netty/netty-transport-native-epoll/4.1.82.Final/c7350a71920f3ae9142945e25fed4846cce53374/netty-transport-native-epoll-4.1.82.Final-linux-x86_64.jar:/home/az/.gradle/caches/modules-2/files-2.1/io.netty/netty-transport-native-unix-common/4.1.82.Final/3e895b35ca1b8a0eca56cacff4c2dde5d2c6abce/netty-transport-native-unix-common-4.1.82.Final.jar:/home/az/.gradle/caches/modules-2/files-2.1/io.netty/netty-transport/4.1.82.Final/e431a218d91acb6476ccad5f5aafde50aa3945ca/netty-transport-4.1.82.Final.jar:/home/az/.gradle/caches/modules-2/files-2.1/it.unimi.dsi/fastutil/8.5.9/bb7ea75ecdb216654237830b3a96d87ad91f8cc5/fastutil-8.5.9.jar:/home/az/.gradle/caches/modules-2/files-2.1/net.java.dev.jna/jna-platform/5.12.1/97406a297c852f4a41e688a176ec675f72e8329/jna-platform-5.12.1.jar:/home/az/.gradle/caches/modules-2/files-2.1/net.java.dev.jna/jna/5.12.1/b1e93a735caea94f503e95e6fe79bf9cdc1e985d/jna-5.12.1.jar:/home/az/.gradle/caches/modules-2/files-2.1/net.sf.jopt-simple/jopt-simple/5.0.4/4fdac2fbe92dfad86aa6e9301736f6b4342a3f5c/jopt-simple-5.0.4.jar:/home/az/.gradle/caches/modules-2/files-2.1/org.apache.commons/commons-compress/1.21/4ec95b60d4e86b5c95a0e919cb172a0af98011ef/commons-compress-1.21.jar:/home/az/.gradle/caches/modules-2/files-2.1/org.apache.commons/commons-lang3/3.12.0/c6842c86792ff03b9f1d1fe2aab8dc23aa6c6f0e/commons-lang3-3.12.0.jar:/home/az/.gradle/caches/modules-2/files-2.1/org.apache.httpcomponents/httpclient/4.5.13/e5f6cae5ca7ecaac1ec2827a9e2d65ae2869cada/httpclient-4.5.13.jar:/home/az/.gradle/caches/modules-2/files-2.1/org.apache.httpcomponents/httpcore/4.4.15/7f2e0c573eaa7a74bac2e89b359e1f73d92a0a1d/httpcore-4.4.15.jar:/home/az/.gradle/caches/modules-2/files-2.1/org.apache.logging.log4j/log4j-core/2.19.0/3b6eeb4de4c49c0fe38a4ee27188ff5fee44d0bb/log4j-core-2.19.0.jar:/home/az/.gradle/caches/modules-2/files-2.1/org.apache.logging.log4j/log4j-api/2.19.0/ea1b37f38c327596b216542bc636cfdc0b8036fa/log4j-api-2.19.0.jar:/home/az/.gradle/caches/modules-2/files-2.1/org.apache.logging.log4j/log4j-slf4j2-impl/2.19.0/5c04bfdd63ce9dceb2e284b81e96b6a70010ee10/log4j-slf4j2-impl-2.19.0.jar:/home/az/.gradle/caches/modules-2/files-2.1/org.joml/joml/1.10.5/22566d58af70ad3d72308bab63b8339906deb649/joml-1.10.5.jar:/home/az/.gradle/caches/modules-2/files-2.1/org.lwjgl/lwjgl-glfw/3.3.1/cbac1b8d30cb4795149c1ef540f912671a8616d0/lwjgl-glfw-3.3.1.jar:/home/az/.gradle/caches/modules-2/files-2.1/org.lwjgl/lwjgl-glfw/3.3.1/81716978214ecbda15050ca394b06ef61501a49e/lwjgl-glfw-3.3.1-natives-linux.jar:/home/az/.gradle/caches/modules-2/files-2.1/org.lwjgl/lwjgl-jemalloc/3.3.1/a817bcf213db49f710603677457567c37d53e103/lwjgl-jemalloc-3.3.1.jar:/home/az/.gradle/caches/modules-2/files-2.1/org.lwjgl/lwjgl-jemalloc/3.3.1/33dbb017b6ed6b25f993ad9d56741a49e7937718/lwjgl-jemalloc-3.3.1-natives-linux.jar:/home/az/.gradle/caches/modules-2/files-2.1/org.lwjgl/lwjgl-openal/3.3.1/2623a6b8ae1dfcd880738656a9f0243d2e6840bd/lwjgl-openal-3.3.1.jar:/home/az/.gradle/caches/modules-2/files-2.1/org.lwjgl/lwjgl-openal/3.3.1/f906b6439f6daa66001182ea7727e3467a93681b/lwjgl-openal-3.3.1-natives-linux.jar:/home/az/.gradle/caches/modules-2/files-2.1/org.lwjgl/lwjgl-opengl/3.3.1/831a5533a21a5f4f81bbc51bb13e9899319b5411/lwjgl-opengl-3.3.1.jar:/home/az/.gradle/caches/modules-2/files-2.1/org.lwjgl/lwjgl-opengl/3.3.1/ab9ab6fde3743e3550fa5d46d785ecb45b047d99/lwjgl-opengl-3.3.1-natives-linux.jar:/home/az/.gradle/caches/modules-2/files-2.1/org.lwjgl/lwjgl-stb/3.3.1/b119297cf8ed01f247abe8685857f8e7fcf5980f/lwjgl-stb-3.3.1.jar:/home/az/.gradle/caches/modules-2/files-2.1/org.lwjgl/lwjgl-stb/3.3.1/3ee7aec8686e52867677110415566a5342a80230/lwjgl-stb-3.3.1-natives-linux.jar:/home/az/.gradle/caches/modules-2/files-2.1/org.lwjgl/lwjgl-tinyfd/3.3.1/ff1914111ef2e3e0110ef2dabc8d8cdaad82347/lwjgl-tinyfd-3.3.1.jar:/home/az/.gradle/caches/modules-2/files-2.1/org.lwjgl/lwjgl-tinyfd/3.3.1/a35110b9471bea8cde826ab297550ee8c22f5035/lwjgl-tinyfd-3.3.1-natives-linux.jar:/home/az/.gradle/caches/modules-2/files-2.1/org.lwjgl/lwjgl/3.3.1/ae58664f88e18a9bb2c77b063833ca7aaec484cb/lwjgl-3.3.1.jar:/home/az/.gradle/caches/modules-2/files-2.1/org.lwjgl/lwjgl/3.3.1/1de885aba434f934201b99f2f1afb142036ac189/lwjgl-3.3.1-natives-linux.jar:/home/az/.gradle/caches/modules-2/files-2.1/org.slf4j/slf4j-api/2.0.1/f48d81adce2abf5ad3cfe463df517952749e03bc/slf4j-api-2.0.1.jar:/home/az/project/BusinessCraft/.gradle/loom-cache/minecraftMaven/net/minecraft/minecraft-merged-51c0cfe141/1.20.1-net.fabricmc.yarn.1_20_1.1.20.1+build.10-v2/minecraft-merged-51c0cfe141-1.20.1-net.fabricmc.yarn.1_20_1.1.20.1+build.10-v2.jar:/home/az/.gradle/caches/modules-2/files-2.1/net.fabricmc/fabric-loader/0.15.6/2b6b8b0f6d842b6891f7c9b8b66f2aed12bc2619/fabric-loader-0.15.6.jar:/home/az/project/BusinessCraft/.gradle/loom-cache/remapped_mods/net_fabricmc_yarn_1_20_1_1_20_1_build_10_v2/net/fabricmc/fabric-api/fabric-api/0.91.0+1.20.1/fabric-api-0.91.0+1.20.1.jar:/home/az/project/BusinessCraft/.gradle/loom-cache/remapped_mods/net_fabricmc_yarn_1_20_1_1_20_1_build_10_v2/net/fabricmc/fabric-api/fabric-transfer-api-v1/3.3.3+c81d263177/fabric-transfer-api-v1-3.3.3+c81d263177.jar:/home/az/project/BusinessCraft/.gradle/loom-cache/remapped_mods/net_fabricmc_yarn_1_20_1_1_20_1_build_10_v2/net/fabricmc/fabric-api/fabric-api-lookup-api-v1/1.6.35+4d8536c977/fabric-api-lookup-api-v1-1.6.35+4d8536c977.jar:/home/az/project/BusinessCraft/.gradle/loom-cache/remapped_mods/net_fabricmc_yarn_1_20_1_1_20_1_build_10_v2/net/fabricmc/fabric-api/fabric-blockrenderlayer-v1/1.1.40+b3afc78b77/fabric-blockrenderlayer-v1-1.1.40+b3afc78b77.jar:/home/az/project/BusinessCraft/.gradle/loom-cache/remapped_mods/net_fabricmc_yarn_1_20_1_1_20_1_build_10_v2/net/fabricmc/fabric-api/fabric-client-tags-api-v1/1.1.1+97bb207577/fabric-client-tags-api-v1-1.1.1+97bb207577.jar:/home/az/project/BusinessCraft/.gradle/loom-cache/remapped_mods/net_fabricmc_yarn_1_20_1_1_20_1_build_10_v2/net/fabricmc/fabric-api/fabric-command-api-v1/1.2.33+f71b366f77/fabric-command-api-v1-1.2.33+f71b366f77.jar:/home/az/project/BusinessCraft/.gradle/loom-cache/remapped_mods/net_fabricmc_yarn_1_20_1_1_20_1_build_10_v2/net/fabricmc/fabric-api/fabric-commands-v0/0.2.50+df3654b377/fabric-commands-v0-0.2.50+df3654b377.jar:/home/az/project/BusinessCraft/.gradle/loom-cache/remapped_mods/net_fabricmc_yarn_1_20_1_1_20_1_build_10_v2/net/fabricmc/fabric-api/fabric-command-api-v2/2.2.12+b3afc78b77/fabric-command-api-v2-2.2.12+b3afc78b77.jar:/home/az/project/BusinessCraft/.gradle/loom-cache/remapped_mods/net_fabricmc_yarn_1_20_1_1_20_1_build_10_v2/net/fabricmc/fabric-api/fabric-content-registries-v0/4.0.10+57aed33f77/fabric-content-registries-v0-4.0.10+57aed33f77.jar:/home/az/project/BusinessCraft/.gradle/loom-cache/remapped_mods/net_fabricmc_yarn_1_20_1_1_20_1_build_10_v2/net/fabricmc/fabric-api/fabric-convention-tags-v1/1.5.4+a1a980da77/fabric-convention-tags-v1-1.5.4+a1a980da77.jar:/home/az/project/BusinessCraft/.gradle/loom-cache/remapped_mods/net_fabricmc_yarn_1_20_1_1_20_1_build_10_v2/net/fabricmc/fabric-api/fabric-data-generation-api-v1/12.3.3+d7b148e077/fabric-data-generation-api-v1-12.3.3+d7b148e077.jar:/home/az/project/BusinessCraft/.gradle/loom-cache/remapped_mods/net_fabricmc_yarn_1_20_1_1_20_1_build_10_v2/net/fabricmc/fabric-api/fabric-dimensions-v1/2.1.53+8536527b77/fabric-dimensions-v1-2.1.53+8536527b77.jar:/home/az/project/BusinessCraft/.gradle/loom-cache/remapped_mods/net_fabricmc_yarn_1_20_1_1_20_1_build_10_v2/net/fabricmc/fabric-api/fabric-entity-events-v1/1.5.22+b3afc78b77/fabric-entity-events-v1-1.5.22+b3afc78b77.jar:/home/az/project/BusinessCraft/.gradle/loom-cache/remapped_mods/net_fabricmc_yarn_1_20_1_1_20_1_build_10_v2/net/fabricmc/fabric-api/fabric-events-interaction-v0/0.6.1+e91849a877/fabric-events-interaction-v0-0.6.1+e91849a877.jar:/home/az/project/BusinessCraft/.gradle/loom-cache/remapped_mods/net_fabricmc_yarn_1_20_1_1_20_1_build_10_v2/net/fabricmc/fabric-api/fabric-gametest-api-v1/1.2.12+b3afc78b77/fabric-gametest-api-v1-1.2.12+b3afc78b77.jar:/home/az/project/BusinessCraft/.gradle/loom-cache/remapped_mods/net_fabricmc_yarn_1_20_1_1_20_1_build_10_v2/net/fabricmc/fabric-api/fabric-events-lifecycle-v0/0.2.62+df3654b377/fabric-events-lifecycle-v0-0.2.62+df3654b377.jar:/home/az/project/BusinessCraft/.gradle/loom-cache/remapped_mods/net_fabricmc_yarn_1_20_1_1_20_1_build_10_v2/net/fabricmc/fabric-api/fabric-item-api-v1/2.1.27+b3afc78b77/fabric-item-api-v1-2.1.27+b3afc78b77.jar:/home/az/project/BusinessCraft/.gradle/loom-cache/remapped_mods/net_fabricmc_yarn_1_20_1_1_20_1_build_10_v2/net/fabricmc/fabric-api/fabric-item-group-api-v1/4.0.11+d7b148e077/fabric-item-group-api-v1-4.0.11+d7b148e077.jar:/home/az/project/BusinessCraft/.gradle/loom-cache/remapped_mods/net_fabricmc_yarn_1_20_1_1_20_1_build_10_v2/net/fabricmc/fabric-api/fabric-mining-level-api-v1/2.1.49+b3afc78b77/fabric-mining-level-api-v1-2.1.49+b3afc78b77.jar:/home/az/project/BusinessCraft/.gradle/loom-cache/remapped_mods/net_fabricmc_yarn_1_20_1_1_20_1_build_10_v2/net/fabricmc/fabric-api/fabric-lifecycle-events-v1/2.2.21+b3afc78b77/fabric-lifecycle-events-v1-2.2.21+b3afc78b77.jar:/home/az/project/BusinessCraft/.gradle/loom-cache/remapped_mods/net_fabricmc_yarn_1_20_1_1_20_1_build_10_v2/net/fabricmc/fabric-api/fabric-loot-tables-v1/1.1.44+9e7660c677/fabric-loot-tables-v1-1.1.44+9e7660c677.jar:/home/az/project/BusinessCraft/.gradle/loom-cache/remapped_mods/net_fabricmc_yarn_1_20_1_1_20_1_build_10_v2/net/fabricmc/fabric-api/fabric-loot-api-v2/1.2.0+96dfa95977/fabric-loot-api-v2-1.2.0+96dfa95977.jar:/home/az/project/BusinessCraft/.gradle/loom-cache/remapped_mods/net_fabricmc_yarn_1_20_1_1_20_1_build_10_v2/net/fabricmc/fabric-api/fabric-message-api-v1/5.1.8+d7b148e077/fabric-message-api-v1-5.1.8+d7b148e077.jar:/home/az/project/BusinessCraft/.gradle/loom-cache/remapped_mods/net_fabricmc_yarn_1_20_1_1_20_1_build_10_v2/net/fabricmc/fabric-api/fabric-models-v0/0.4.1+9386d8a777/fabric-models-v0-0.4.1+9386d8a777.jar:/home/az/project/BusinessCraft/.gradle/loom-cache/remapped_mods/net_fabricmc_yarn_1_20_1_1_20_1_build_10_v2/net/fabricmc/fabric-api/fabric-model-loading-api-v1/1.0.2+709a987177/fabric-model-loading-api-v1-1.0.2+709a987177.jar:/home/az/project/BusinessCraft/.gradle/loom-cache/remapped_mods/net_fabricmc_yarn_1_20_1_1_20_1_build_10_v2/net/fabricmc/fabric-api/fabric-recipe-api-v1/1.0.20+b3afc78b77/fabric-recipe-api-v1-1.0.20+b3afc78b77.jar:/home/az/project/BusinessCraft/.gradle/loom-cache/remapped_mods/net_fabricmc_yarn_1_20_1_1_20_1_build_10_v2/net/fabricmc/fabric-api/fabric-registry-sync-v0/2.3.2+4df89eb277/fabric-registry-sync-v0-2.3.2+4df89eb277.jar:/home/az/project/BusinessCraft/.gradle/loom-cache/remapped_mods/net_fabricmc_yarn_1_20_1_1_20_1_build_10_v2/net/fabricmc/fabric-api/fabric-screen-handler-api-v1/1.3.29+b3afc78b77/fabric-screen-handler-api-v1-1.3.29+b3afc78b77.jar:/home/az/project/BusinessCraft/.gradle/loom-cache/remapped_mods/net_fabricmc_yarn_1_20_1_1_20_1_build_10_v2/net/fabricmc/fabric-api/fabric-containers-v0/0.1.63+df3654b377/fabric-containers-v0-0.1.63+df3654b377.jar:/home/az/project/BusinessCraft/.gradle/loom-cache/remapped_mods/net_fabricmc_yarn_1_20_1_1_20_1_build_10_v2/net/fabricmc/fabric-api/fabric-networking-v0/0.3.50+df3654b377/fabric-networking-v0-0.3.50+df3654b377.jar:/home/az/project/BusinessCraft/.gradle/loom-cache/remapped_mods/net_fabricmc_yarn_1_20_1_1_20_1_build_10_v2/net/fabricmc/fabric-api/fabric-networking-api-v1/1.3.10+eeb8eb3677/fabric-networking-api-v1-1.3.10+eeb8eb3677.jar:/home/az/project/BusinessCraft/.gradle/loom-cache/remapped_mods/net_fabricmc_yarn_1_20_1_1_20_1_build_10_v2/net/fabricmc/fabric-api/fabric-object-builder-api-v1/11.1.2+4ee0bc6077/fabric-object-builder-api-v1-11.1.2+4ee0bc6077.jar:/home/az/project/BusinessCraft/.gradle/loom-cache/remapped_mods/net_fabricmc_yarn_1_20_1_1_20_1_build_10_v2/net/fabricmc/fabric-api/fabric-particles-v1/1.1.1+201a23a077/fabric-particles-v1-1.1.1+201a23a077.jar:/home/az/project/BusinessCraft/.gradle/loom-cache/remapped_mods/net_fabricmc_yarn_1_20_1_1_20_1_build_10_v2/net/fabricmc/fabric-api/fabric-renderer-indigo/1.5.0+39a511ba77/fabric-renderer-indigo-1.5.0+39a511ba77.jar:/home/az/project/BusinessCraft/.gradle/loom-cache/remapped_mods/net_fabricmc_yarn_1_20_1_1_20_1_build_10_v2/net/fabricmc/fabric-api/fabric-renderer-api-v1/3.2.0+39a511ba77/fabric-renderer-api-v1-3.2.0+39a511ba77.jar:/home/az/project/BusinessCraft/.gradle/loom-cache/remapped_mods/net_fabricmc_yarn_1_20_1_1_20_1_build_10_v2/net/fabricmc/fabric-api/fabric-rendering-fluids-v1/3.0.27+b3afc78b77/fabric-rendering-fluids-v1-3.0.27+b3afc78b77.jar:/home/az/project/BusinessCraft/.gradle/loom-cache/remapped_mods/net_fabricmc_yarn_1_20_1_1_20_1_build_10_v2/net/fabricmc/fabric-api/fabric-renderer-registries-v1/3.2.45+df3654b377/fabric-renderer-registries-v1-3.2.45+df3654b377.jar:/home/az/project/BusinessCraft/.gradle/loom-cache/remapped_mods/net_fabricmc_yarn_1_20_1_1_20_1_build_10_v2/net/fabricmc/fabric-api/fabric-rendering-v0/1.1.48+df3654b377/fabric-rendering-v0-1.1.48+df3654b377.jar:/home/az/project/BusinessCraft/.gradle/loom-cache/remapped_mods/net_fabricmc_yarn_1_20_1_1_20_1_build_10_v2/net/fabricmc/fabric-api/fabric-rendering-v1/3.0.7+b3afc78b77/fabric-rendering-v1-3.0.7+b3afc78b77.jar:/home/az/project/BusinessCraft/.gradle/loom-cache/remapped_mods/net_fabricmc_yarn_1_20_1_1_20_1_build_10_v2/net/fabricmc/fabric-api/fabric-screen-api-v1/2.0.7+b3afc78b77/fabric-screen-api-v1-2.0.7+b3afc78b77.jar:/home/az/project/BusinessCraft/.gradle/loom-cache/remapped_mods/net_fabricmc_yarn_1_20_1_1_20_1_build_10_v2/net/fabricmc/fabric-api/fabric-api-base/0.4.30+7abfd51577/fabric-api-base-0.4.30+7abfd51577.jar:/home/az/project/BusinessCraft/.gradle/loom-cache/remapped_mods/net_fabricmc_yarn_1_20_1_1_20_1_build_10_v2/net/fabricmc/fabric-api/fabric-biome-api-v1/13.0.12+215bbe9677/fabric-biome-api-v1-13.0.12+215bbe9677.jar:/home/az/project/BusinessCraft/.gradle/loom-cache/remapped_mods/net_fabricmc_yarn_1_20_1_1_20_1_build_10_v2/net/fabricmc/fabric-api/fabric-block-api-v1/1.0.10+92a0d36777/fabric-block-api-v1-1.0.10+92a0d36777.jar:/home/az/project/BusinessCraft/.gradle/loom-cache/remapped_mods/net_fabricmc_yarn_1_20_1_1_20_1_build_10_v2/net/fabricmc/fabric-api/fabric-rendering-data-attachment-v1/0.3.36+92a0d36777/fabric-rendering-data-attachment-v1-0.3.36+92a0d36777.jar:/home/az/project/BusinessCraft/.gradle/loom-cache/remapped_mods/net_fabricmc_yarn_1_20_1_1_20_1_build_10_v2/net/fabricmc/fabric-api/fabric-block-view-api-v2/1.0.0+92a0d36777/fabric-block-view-api-v2-1.0.0+92a0d36777.jar:/home/az/project/BusinessCraft/.gradle/loom-cache/remapped_mods/net_fabricmc_yarn_1_20_1_1_20_1_build_10_v2/net/fabricmc/fabric-api/fabric-crash-report-info-v1/0.2.18+aeb40ebe77/fabric-crash-report-info-v1-0.2.18+aeb40ebe77.jar:/home/az/project/BusinessCraft/.gradle/loom-cache/remapped_mods/net_fabricmc_yarn_1_20_1_1_20_1_build_10_v2/net/fabricmc/fabric-api/fabric-game-rule-api-v1/1.0.39+ae9f657a77/fabric-game-rule-api-v1-1.0.39+ae9f657a77.jar:/home/az/project/BusinessCraft/.gradle/loom-cache/remapped_mods/net_fabricmc_yarn_1_20_1_1_20_1_build_10_v2/net/fabricmc/fabric-api/fabric-keybindings-v0/0.2.34+df3654b377/fabric-keybindings-v0-0.2.34+df3654b377.jar:/home/az/project/BusinessCraft/.gradle/loom-cache/remapped_mods/net_fabricmc_yarn_1_20_1_1_20_1_build_10_v2/net/fabricmc/fabric-api/fabric-key-binding-api-v1/1.0.36+fb8d95da77/fabric-key-binding-api-v1-1.0.36+fb8d95da77.jar:/home/az/project/BusinessCraft/.gradle/loom-cache/remapped_mods/net_fabricmc_yarn_1_20_1_1_20_1_build_10_v2/net/fabricmc/fabric-api/fabric-resource-conditions-api-v1/2.3.7+29de845d77/fabric-resource-conditions-api-v1-2.3.7+29de845d77.jar:/home/az/project/BusinessCraft/.gradle/loom-cache/remapped_mods/net_fabricmc_yarn_1_20_1_1_20_1_build_10_v2/net/fabricmc/fabric-api/fabric-resource-loader-v0/0.11.9+132c48c177/fabric-resource-loader-v0-0.11.9+132c48c177.jar:/home/az/project/BusinessCraft/.gradle/loom-cache/remapped_mods/net_fabricmc_yarn_1_20_1_1_20_1_build_10_v2/net/fabricmc/fabric-api/fabric-sound-api-v1/1.0.12+b3afc78b77/fabric-sound-api-v1-1.0.12+b3afc78b77.jar:/home/az/project/BusinessCraft/.gradle/loom-cache/remapped_mods/net_fabricmc_yarn_1_20_1_1_20_1_build_10_v2/net/fabricmc/fabric-api/fabric-transitive-access-wideners-v1/4.3.0+6c31357e77/fabric-transitive-access-wideners-v1-4.3.0+6c31357e77.jar:/home/az/.gradle/caches/modules-2/files-2.1/org.jetbrains/annotations/23.0.0/8cc20c07506ec18e0834947b84a864bfc094484e/annotations-23.0.0.jar:/home/az/.gradle/caches/modules-2/files-2.1/org.jline/jline-reader/3.20.0/8f15415b022a25b473e8e16c28ae913186ffb9c4/jline-reader-3.20.0.jar:/home/az/.gradle/caches/modules-2/files-2.1/org.jline/jline-terminal/3.20.0/d0ddcc708ddf527a3454c941b7b9225cc83a15ff/jline-terminal-3.20.0.jar)
		at com.sun.jna.Native.extractFromResourcePath(Native.java:1145) ~[jna-5.12.1.jar:5.12.1 (b0)]
		at com.sun.jna.NativeLibrary.loadLibrary(NativeLibrary.java:281) ~[jna-5.12.1.jar:5.12.1 (b0)]
		at com.sun.jna.NativeLibrary.getInstance(NativeLibrary.java:467) ~[jna-5.12.1.jar:5.12.1 (b0)]
		at com.sun.jna.NativeLibrary.getInstance(NativeLibrary.java:409) ~[jna-5.12.1.jar:5.12.1 (b0)]
		at com.mojang.text2speech.NarratorLinux$FliteLibrary.loadNative(NarratorLinux.java:67) ~[text2speech-1.17.9.jar:?]
		at com.mojang.text2speech.NarratorLinux.<init>(NarratorLinux.java:18) ~[text2speech-1.17.9.jar:?]
		at com.mojang.text2speech.Narrator.getNarrator(Narrator.java:41) ~[text2speech-1.17.9.jar:?]
		at net.minecraft.client.util.NarratorManager.<init>(NarratorManager.java:19) ~[minecraft-merged-51c0cfe141-1.20.1-net.fabricmc.yarn.1_20_1.1.20.1+build.10-v2.jar:?]
		at net.minecraft.client.MinecraftClient.<init>(MinecraftClient.java:640) ~[minecraft-merged-51c0cfe141-1.20.1-net.fabricmc.yarn.1_20_1.1.20.1+build.10-v2.jar:?]
		at net.minecraft.client.main.Main.main(Main.java:211) ~[minecraft-merged-51c0cfe141-1.20.1-net.fabricmc.yarn.1_20_1.1.20.1+build.10-v2.jar:?]
		at net.fabricmc.loader.impl.game.minecraft.MinecraftGameProvider.launch(MinecraftGameProvider.java:470) ~[fabric-loader-0.15.6.jar:?]
		at net.fabricmc.loader.impl.launch.knot.Knot.launch(Knot.java:74) ~[fabric-loader-0.15.6.jar:?]
		at net.fabricmc.loader.impl.launch.knot.KnotClient.main(KnotClient.java:23) ~[fabric-loader-0.15.6.jar:?]
		at net.fabricmc.devlaunchinjector.Main.main(Main.java:86) ~[dev-launch-injector-0.2.1+build.8.jar:?]
[14:26:14] [Render thread/INFO] (Minecraft) Reloading ResourceManager: vanilla, fabric (fabric-api-base, fabric-command-api-v1, fabric-blockrenderlayer-v1, fabric-rendering-v0, fabric-transitive-access-wideners-v1, fabric-renderer-registries-v1, businesscraft, fabric-networking-api-v1, fabric-game-rule-api-v1, fabric-model-loading-api-v1, fabric-keybindings-v0, fabric-data-generation-api-v1, fabric-rendering-v1, fabric-renderer-api-v1, fabricloader, fabric-lifecycle-events-v1, fabric-screen-api-v1, fabric-api, fabric-registry-sync-v0, fabric-dimensions-v1, fabric-rendering-data-attachment-v1, fabric-resource-loader-v0, fabric-events-interaction-v0, fabric-renderer-indigo, fabric-mining-level-api-v1, fabric-command-api-v2, fabric-content-registries-v0, fabric-api-lookup-api-v1, fabric-item-group-api-v1, fabric-object-builder-api-v1, fabric-convention-tags-v1, fabric-rendering-fluids-v1, fabric-crash-report-info-v1, fabric-particles-v1, fabric-gametest-api-v1, fabric-containers-v0, fabric-block-view-api-v2, fabric-resource-conditions-api-v1, fabric-loot-api-v2, fabric-key-binding-api-v1, fabric-client-tags-api-v1, fabric-models-v0, fabric-screen-handler-api-v1, fabric-loot-tables-v1, fabric-commands-v0, fabric-entity-events-v1, fabric-sound-api-v1, fabric-biome-api-v1, fabric-item-api-v1, fabric-transfer-api-v1, fabric-networking-v0, fabric-message-api-v1, fabric-block-api-v1, fabric-events-lifecycle-v0, fabric-recipe-api-v1)
[14:26:14] [Worker-Main-5/INFO] (Minecraft) Found unifont_all_no_pua-15.0.06.hex, loading
[14:26:14] [Realms Notification Availability checker #1/INFO] (Minecraft) Could not authorize you against Realms server: java.lang.RuntimeException: Failed to parse into SignedJWT: FabricMC
[14:26:15] [Render thread/WARN] (Minecraft) Missing sound for event: minecraft:item.goat_horn.play
[14:26:15] [Render thread/WARN] (Minecraft) Missing sound for event: minecraft:entity.goat.screaming.horn_break
[14:26:15] [Render thread/ERROR] (Minecraft) Error starting SoundSystem. Turning off sounds & music
java.lang.IllegalStateException: Failed to open OpenAL device
	at net.minecraft.client.sound.SoundEngine.openDeviceOrFallback(SoundEngine.java:283) ~[minecraft-merged-51c0cfe141-1.20.1-net.fabricmc.yarn.1_20_1.1.20.1+build.10-v2.jar:?]
	at net.minecraft.client.sound.SoundEngine.init(SoundEngine.java:153) ~[minecraft-merged-51c0cfe141-1.20.1-net.fabricmc.yarn.1_20_1.1.20.1+build.10-v2.jar:?]
	at net.minecraft.client.sound.SoundSystem.start(SoundSystem.java:116) ~[minecraft-merged-51c0cfe141-1.20.1-net.fabricmc.yarn.1_20_1.1.20.1+build.10-v2.jar:?]
	at net.minecraft.client.sound.SoundSystem.reloadSounds(SoundSystem.java:106) ~[minecraft-merged-51c0cfe141-1.20.1-net.fabricmc.yarn.1_20_1.1.20.1+build.10-v2.jar:?]
	at net.minecraft.client.sound.SoundManager.apply(SoundManager.java:125) ~[minecraft-merged-51c0cfe141-1.20.1-net.fabricmc.yarn.1_20_1.1.20.1+build.10-v2.jar:?]
	at net.minecraft.client.sound.SoundManager.apply(SoundManager.java:40) ~[minecraft-merged-51c0cfe141-1.20.1-net.fabricmc.yarn.1_20_1.1.20.1+build.10-v2.jar:?]
	at net.minecraft.resource.SinglePreparationResourceReloader.method_18790(SinglePreparationResourceReloader.java:13) ~[minecraft-merged-51c0cfe141-1.20.1-net.fabricmc.yarn.1_20_1.1.20.1+build.10-v2.jar:?]
	at java.util.concurrent.CompletableFuture$UniAccept.tryFire(CompletableFuture.java:718) ~[?:?]
	at java.util.concurrent.CompletableFuture$Completion.run(CompletableFuture.java:482) ~[?:?]
	at net.minecraft.resource.SimpleResourceReload.method_18365(SimpleResourceReload.java:69) ~[minecraft-merged-51c0cfe141-1.20.1-net.fabricmc.yarn.1_20_1.1.20.1+build.10-v2.jar:?]
	at net.minecraft.util.thread.ThreadExecutor.executeTask(ThreadExecutor.java:156) ~[minecraft-merged-51c0cfe141-1.20.1-net.fabricmc.yarn.1_20_1.1.20.1+build.10-v2.jar:?]
	at net.minecraft.util.thread.ReentrantThreadExecutor.executeTask(ReentrantThreadExecutor.java:23) ~[minecraft-merged-51c0cfe141-1.20.1-net.fabricmc.yarn.1_20_1.1.20.1+build.10-v2.jar:?]
	at net.minecraft.util.thread.ThreadExecutor.runTask(ThreadExecutor.java:130) ~[minecraft-merged-51c0cfe141-1.20.1-net.fabricmc.yarn.1_20_1.1.20.1+build.10-v2.jar:?]
	at net.minecraft.util.thread.ThreadExecutor.runTasks(ThreadExecutor.java:115) ~[minecraft-merged-51c0cfe141-1.20.1-net.fabricmc.yarn.1_20_1.1.20.1+build.10-v2.jar:?]
	at net.minecraft.client.MinecraftClient.render(MinecraftClient.java:1175) ~[minecraft-merged-51c0cfe141-1.20.1-net.fabricmc.yarn.1_20_1.1.20.1+build.10-v2.jar:?]
	at net.minecraft.client.MinecraftClient.run(MinecraftClient.java:802) ~[minecraft-merged-51c0cfe141-1.20.1-net.fabricmc.yarn.1_20_1.1.20.1+build.10-v2.jar:?]
	at net.minecraft.client.main.Main.main(Main.java:250) ~[minecraft-merged-51c0cfe141-1.20.1-net.fabricmc.yarn.1_20_1.1.20.1+build.10-v2.jar:?]
	at net.fabricmc.loader.impl.game.minecraft.MinecraftGameProvider.launch(MinecraftGameProvider.java:470) ~[fabric-loader-0.15.6.jar:?]
	at net.fabricmc.loader.impl.launch.knot.Knot.launch(Knot.java:74) ~[fabric-loader-0.15.6.jar:?]
	at net.fabricmc.loader.impl.launch.knot.KnotClient.main(KnotClient.java:23) ~[fabric-loader-0.15.6.jar:?]
	at net.fabricmc.devlaunchinjector.Main.main(Main.java:86) ~[dev-launch-injector-0.2.1+build.8.jar:?]
[14:26:15] [Render thread/INFO] (Minecraft) Created: 1024x512x4 minecraft:textures/atlas/blocks.png-atlas
[14:26:15] [Render thread/INFO] (Minecraft) Created: 256x256x4 minecraft:textures/atlas/signs.png-atlas
[14:26:15] [Render thread/INFO] (Minecraft) Created: 512x512x4 minecraft:textures/atlas/banner_patterns.png-atlas
[14:26:15] [Render thread/INFO] (Minecraft) Created: 512x512x4 minecraft:textures/atlas/shield_patterns.png-atlas
[14:26:15] [Render thread/INFO] (Minecraft) Created: 1024x1024x4 minecraft:textures/atlas/armor_trims.png-atlas
[14:26:15] [Render thread/INFO] (Minecraft) Created: 256x256x4 minecraft:textures/atlas/chest.png-atlas
[14:26:15] [Render thread/INFO] (Minecraft) Created: 128x64x4 minecraft:textures/atlas/decorated_pot.png-atlas
[14:26:15] [Render thread/INFO] (Minecraft) Created: 512x256x4 minecraft:textures/atlas/beds.png-atlas
[14:26:15] [Render thread/INFO] (Minecraft) Created: 512x256x4 minecraft:textures/atlas/shulker_boxes.png-atlas
[14:26:15] [Render thread/WARN] (Minecraft) Shader rendertype_entity_translucent_emissive could not find sampler named Sampler2 in the specified shader program.
[14:26:15] [Render thread/INFO] (Minecraft) Created: 256x256x0 minecraft:textures/atlas/particles.png-atlas
[14:26:15] [Render thread/INFO] (Minecraft) Created: 256x256x0 minecraft:textures/atlas/paintings.png-atlas
[14:26:15] [Render thread/INFO] (Minecraft) Created: 128x128x0 minecraft:textures/atlas/mob_effects.png-atlas
[14:26:20] [Render thread/INFO] (Minecraft) Stopping!
